2014-07-10 18:45:38  [ pool-2-thread-3:5533962 ] - [ ERROR ]  http://zh.wikipedia.org/zh-cn/中村青司
2014-07-10 18:45:55  [ pool-2-thread-5:5551053 ] - [ ERROR ]  http://zh.wikipedia.org/zh-cn/人机矛盾
2014-07-10 18:46:25  [ pool-2-thread-5:5581094 ] - [ ERROR ]  http://zh.wikipedia.org/zh-cn/草莓100%
2014-07-10 19:15:56  [ pool-2-thread-5:7351181 ] - [ ERROR ]  http://zh.wikipedia.org/zh-cn/譚煥堂家族
2014-07-10 20:06:34  [ pool-2-thread-4:10389333 ] - [ ERROR ]  http://zh.wikipedia.org/zh-cn/富裕小輪
2014-07-10 20:06:41  [ pool-2-thread-5:10396195 ] - [ ERROR ]  http://zh.wikipedia.org/zh-cn/翠華船務
2014-07-10 21:25:14  [ pool-2-thread-1:15109814 ] - [ ERROR ]  http://zh.wikipedia.org/zh-cn/西之園萌繪
2014-07-10 21:37:17  [ pool-2-thread-5:15832949 ] - [ ERROR ]  http://zh.wikipedia.org/zh-cn/九龍巴士路線分類方法
2014-07-10 23:04:20  [ pool-2-thread-1:21056076 ] - [ ERROR ]  http://zh.wikipedia.org/zh-cn/Alcohol 120%
2014-07-10 23:53:03  [ pool-2-thread-3:23978848 ] - [ ERROR ]  http://zh.wikipedia.org/zh-cn/Hey!大家好嗎?
2014-07-11 00:25:24  [ pool-2-thread-4:25919514 ] - [ ERROR ]  http://zh.wikipedia.org/zh-cn/Shall We Dance? Shall We Talk!
2014-07-11 00:25:26  [ pool-2-thread-2:25921770 ] - [ ERROR ]  http://zh.wikipedia.org/zh-cn/What's Going On...?
2014-07-11 00:43:15  [ pool-2-thread-4:26990601 ] - [ ERROR ]  http://zh.wikipedia.org/zh-cn/糟糕小叮噹
2014-07-11 01:53:35  [ pool-2-thread-2:31210536 ] - [ ERROR ]  http://zh.wikipedia.org/zh-cn/殴姓
2014-07-11 02:12:16  [ pool-2-thread-2:32332098 ] - [ ERROR ]  http://zh.wikipedia.org/zh-cn/國立虎尾科技大學工程學院
2014-07-11 02:28:31  [ pool-2-thread-1:33307062 ] - [ ERROR ]  http://zh.wikipedia.org/zh-cn/在晴朗的天空下
2014-07-11 02:49:22  [ pool-2-thread-2:34557249 ] - [ ERROR ]  http://zh.wikipedia.org/zh-cn/深圳灣跨境快線
2014-07-11 03:24:30  [ pool-2-thread-5:36665552 ] - [ ERROR ]  http://zh.wikipedia.org/zh-cn/2%
2014-07-11 03:38:38  [ pool-2-thread-1:37513644 ] - [ ERROR ]  http://zh.wikipedia.org/zh-cn/Et tu, Brute?
2014-07-11 04:39:08  [ pool-2-thread-4:41143306 ] - [ ERROR ]  http://zh.wikipedia.org/zh-cn/香港巴士NR89線
2014-07-11 04:41:03  [ pool-2-thread-5:41258644 ] - [ ERROR ]  http://zh.wikipedia.org/zh-cn/城巴N72線
2014-07-11 04:53:44  [ pool-2-thread-5:42019826 ] - [ ERROR ]  http://zh.wikipedia.org/zh-cn/Can You Keep A Secret?
2014-07-11 04:58:53  [ pool-2-thread-5:42328262 ] - [ ERROR ]  http://zh.wikipedia.org/zh-cn/三號幹線（郊野公園段）有限公司
2014-07-11 04:59:22  [ pool-2-thread-2:42357815 ] - [ ERROR ]  http://zh.wikipedia.org/zh-cn/世界自由民主聯盟總會
2014-07-11 05:35:09  [ pool-2-thread-5:44504796 ] - [ ERROR ]  http://zh.wikipedia.org/zh-cn/折疊式空間桁架
2014-07-11 05:45:24  [ pool-2-thread-3:45120091 ] - [ ERROR ]  http://zh.wikipedia.org/zh-cn/Wikitaxi
2014-07-11 05:49:03  [ pool-2-thread-1:45338167 ] - [ ERROR ]  http://zh.wikipedia.org/zh-cn/Really? Really!
2014-07-11 05:57:16  [ pool-2-thread-5:45831813 ] - [ ERROR ]  http://zh.wikipedia.org/zh-cn/香港公共小巴佐敦道至元朗線
2014-07-11 06:06:36  [ pool-2-thread-5:46391357 ] - [ ERROR ]  http://zh.wikipedia.org/zh-cn/Do You Hear What I Hear?
2014-07-11 06:06:52  [ pool-2-thread-1:46407701 ] - [ ERROR ]  http://zh.wikipedia.org/zh-cn/Which Way Is Up?
2014-07-11 06:34:22  [ pool-2-thread-3:48057897 ] - [ ERROR ]  http://zh.wikipedia.org/zh-cn/统治者的游戏
2014-07-11 08:31:13  [ pool-2-thread-2:55068946 ] - [ ERROR ]  http://zh.wikipedia.org/zh-cn/321 Action
2014-07-11 08:35:45  [ pool-2-thread-1:55341035 ] - [ ERROR ]  http://zh.wikipedia.org/zh-cn/幸福的抉擇 I do?
2014-07-11 08:38:26  [ pool-2-thread-2:55502096 ] - [ ERROR ]  http://zh.wikipedia.org/zh-cn/STEP you/is this LOVE?
2014-07-11 09:13:28  [ pool-2-thread-4:57603874 ] - [ ERROR ]  http://zh.wikipedia.org/zh-cn/邊境奇譚
2014-07-11 09:21:19  [ pool-2-thread-3:58074162 ] - [ ERROR ]  http://zh.wikipedia.org/zh-cn/飾鰭䲗
2014-07-11 09:23:11  [ pool-2-thread-3:58186569 ] - [ ERROR ]  http://zh.wikipedia.org/zh-cn/新平鲉
2014-07-11 09:38:04  [ pool-2-thread-2:59079149 ] - [ ERROR ]  http://zh.wikipedia.org/zh-cn/林昀希
2014-07-11 10:13:34  [ pool-2-thread-1:61209400 ] - [ ERROR ]  http://zh.wikipedia.org/zh-cn/陳鼎 (清朝)
2014-07-11 11:45:44  [ pool-2-thread-2:325125 ] - [ ERROR ]  http://zh.wikipedia.org/zh-cn/林記街渡
2014-07-11 11:49:13  [ pool-2-thread-3:533494 ] - [ ERROR ]  http://zh.wikipedia.org/zh-cn/七龍珠AF
2014-07-11 11:52:26  [ pool-2-thread-5:726734 ] - [ ERROR ]  http://zh.wikipedia.org/zh-cn/天神亂漫 -LUCKY or UNLUCKY!?-
2014-07-11 12:56:55  [ pool-2-thread-2:4596191 ] - [ ERROR ]  http://zh.wikipedia.org/zh-cn/Fly100%
2014-07-11 13:08:02  [ pool-2-thread-4:5263283 ] - [ ERROR ]  http://zh.wikipedia.org/zh-cn/Shall We Dance? Shall We Love?
2014-07-11 13:21:53  [ pool-2-thread-2:6093700 ] - [ ERROR ]  http://zh.wikipedia.org/zh-cn/消費者直購系統
2014-07-11 13:32:48  [ pool-2-thread-5:6748604 ] - [ ERROR ]  http://zh.wikipedia.org/zh-cn/Rainie＆Love....? 雨愛
2014-07-11 13:37:13  [ pool-2-thread-1:7013596 ] - [ ERROR ]  http://zh.wikipedia.org/zh-cn/CAN YOU CELEBRATE?
2014-07-11 14:09:24  [ pool-2-thread-4:8944564 ] - [ ERROR ]  http://zh.wikipedia.org/zh-cn/王明志
2014-07-11 15:30:09  [ pool-2-thread-1:13789836 ] - [ ERROR ]  http://zh.wikipedia.org/zh-cn/吳秉榮
2014-07-11 15:33:51  [ pool-2-thread-2:14011583 ] - [ ERROR ]  http://zh.wikipedia.org/zh-cn/You Talkin' To Me?
2014-07-11 15:47:12  [ pool-2-thread-3:14813272 ] - [ ERROR ]  http://zh.wikipedia.org/zh-cn/勇氣100%
2014-07-11 15:51:03  [ pool-2-thread-2:15043518 ] - [ ERROR ]  http://zh.wikipedia.org/zh-cn/桃園公車捷運新屋線
2014-07-11 15:51:05  [ pool-2-thread-5:15045920 ] - [ ERROR ]  http://zh.wikipedia.org/zh-cn/桃園公車捷運大溪線
2014-07-11 15:51:05  [ pool-2-thread-3:15046058 ] - [ ERROR ]  http://zh.wikipedia.org/zh-cn/桃園公車捷運大桃科線
2014-07-11 15:51:06  [ pool-2-thread-1:15046778 ] - [ ERROR ]  http://zh.wikipedia.org/zh-cn/桃園公車捷運龜山林口線
2014-07-11 16:29:31  [ pool-2-thread-2:17352165 ] - [ ERROR ]  http://zh.wikipedia.org/zh-cn/珠海香港直通巴
2014-07-11 17:53:39  [ pool-2-thread-1:22399667 ] - [ ERROR ]  http://zh.wikipedia.org/zh-cn/魔法老師!?neo
2014-07-11 18:24:44  [ pool-2-thread-5:24264359 ] - [ ERROR ]  http://zh.wikipedia.org/zh-cn/艾莉希亞 (希腊公主)
2014-07-11 19:02:09  [ pool-2-thread-5:26509437 ] - [ ERROR ]  http://zh.wikipedia.org/zh-cn/嘉逸娛樂
2014-07-11 19:19:04  [ pool-2-thread-4:27524412 ] - [ ERROR ]  http://zh.wikipedia.org/zh-cn/Have You Seen Your Mother, Baby, Standing in the Shadow?
2014-07-11 19:28:54  [ pool-2-thread-1:28114889 ] - [ ERROR ]  http://zh.wikipedia.org/zh-cn/幽安鸟
2014-07-11 19:30:46  [ pool-2-thread-2:28226944 ] - [ ERROR ]  http://zh.wikipedia.org/zh-cn/張馥桂
2014-07-11 19:34:23  [ pool-2-thread-4:28444059 ] - [ ERROR ]  http://zh.wikipedia.org/zh-cn/氢化亚镉
2014-07-11 20:20:11  [ pool-2-thread-3:31191859 ] - [ ERROR ]  http://zh.wikipedia.org/zh-cn/為了誰 -What can I do for someone?-
2014-07-11 20:48:48  [ pool-2-thread-3:32908396 ] - [ ERROR ]  http://zh.wikipedia.org/zh-cn/李美玲
2014-07-11 20:50:08  [ pool-2-thread-5:32988904 ] - [ ERROR ]  http://zh.wikipedia.org/zh-cn/牛顿中文学校
2014-07-11 21:01:26  [ pool-2-thread-5:33666427 ] - [ ERROR ]  http://zh.wikipedia.org/zh-cn/Are You Ready To Lock On?! ～livescope at the JCB Hall～
2014-07-11 21:23:19  [ pool-2-thread-3:34979414 ] - [ ERROR ]  http://zh.wikipedia.org/zh-cn/田泽民
2014-07-11 21:50:44  [ pool-2-thread-5:36624721 ] - [ ERROR ]  http://zh.wikipedia.org/zh-cn/文東路
2014-07-11 22:24:52  [ pool-2-thread-2:38673273 ] - [ ERROR ]  http://zh.wikipedia.org/zh-cn/黄涛 (演员)
2014-07-11 22:40:20  [ pool-2-thread-4:39600776 ] - [ ERROR ]  http://zh.wikipedia.org/zh-cn/MOMO歡樂谷
2014-07-11 22:46:59  [ pool-2-thread-4:39999681 ] - [ ERROR ]  http://zh.wikipedia.org/zh-cn/大白田街
2014-07-11 22:47:44  [ pool-2-thread-4:40044878 ] - [ ERROR ]  http://zh.wikipedia.org/zh-cn/石排街
2014-07-11 22:55:55  [ pool-2-thread-3:40535976 ] - [ ERROR ]  http://zh.wikipedia.org/zh-cn/吕浩然
2014-07-11 23:36:47  [ pool-2-thread-1:42987512 ] - [ ERROR ]  http://zh.wikipedia.org/zh-cn/下寨村
2014-07-11 23:39:59  [ pool-2-thread-2:43179800 ] - [ ERROR ]  http://zh.wikipedia.org/zh-cn/峨眉路
2014-07-12 02:09:31  [ pool-2-thread-4:52152324 ] - [ ERROR ]  http://zh.wikipedia.org/zh-cn/佩斯塔
2014-07-12 02:09:52  [ pool-2-thread-3:52172916 ] - [ ERROR ]  http://zh.wikipedia.org/zh-cn/新巴將軍澳九龍專線
2014-07-12 02:47:47  [ pool-2-thread-5:54448303 ] - [ ERROR ]  http://zh.wikipedia.org/zh-cn/農瑪露德
2014-07-12 03:53:42  [ pool-2-thread-2:58403156 ] - [ ERROR ]  http://zh.wikipedia.org/zh-cn/板溪镇 (印江县)
2014-07-12 04:11:23  [ pool-2-thread-1:59463453 ] - [ ERROR ]  http://zh.wikipedia.org/zh-cn/东方栀子
2014-07-12 04:31:57  [ pool-2-thread-2:60697355 ] - [ ERROR ]  http://zh.wikipedia.org/zh-cn/SAKURA, I love you?
2014-07-12 04:37:07  [ pool-2-thread-5:61007595 ] - [ ERROR ]  http://zh.wikipedia.org/zh-cn/幻日樂團
2014-07-12 04:51:40  [ pool-2-thread-2:61881151 ] - [ ERROR ]  http://zh.wikipedia.org/zh-cn/毛泽东的早年生涯
2014-07-12 06:49:22  [ pool-2-thread-5:68942614 ] - [ ERROR ]  http://zh.wikipedia.org/zh-cn/缰蝶科
2014-07-12 06:50:34  [ pool-2-thread-5:69015109 ] - [ ERROR ]  http://zh.wikipedia.org/zh-cn/Where's George?
2014-07-12 07:19:44  [ pool-2-thread-5:70764846 ] - [ ERROR ]  http://zh.wikipedia.org/zh-cn/阿里斯多德穆斯（美塞尼亚）
2014-07-12 07:38:19  [ pool-2-thread-1:71879492 ] - [ ERROR ]  http://zh.wikipedia.org/zh-cn/奥约纳克斯
2014-07-12 07:46:59  [ pool-2-thread-1:72399499 ] - [ ERROR ]  http://zh.wikipedia.org/zh-cn/李孟標
2014-07-12 07:58:07  [ pool-2-thread-3:73067505 ] - [ ERROR ]  http://zh.wikipedia.org/zh-cn/第五類
2014-07-12 08:18:02  [ pool-2-thread-5:74262402 ] - [ ERROR ]  http://zh.wikipedia.org/zh-cn/长春轨道交通100%低地板电动车组
2014-07-12 08:25:59  [ pool-2-thread-2:74740054 ] - [ ERROR ]  http://zh.wikipedia.org/zh-cn/Round Maple
2014-07-12 08:31:30  [ pool-2-thread-3:75070445 ] - [ ERROR ]  http://zh.wikipedia.org/zh-cn/100% (組合)
2014-07-12 08:54:56  [ pool-2-thread-1:76477223 ] - [ ERROR ]  http://zh.wikipedia.org/zh-cn/轰-10
2014-07-12 09:51:28  [ pool-2-thread-1:79869192 ] - [ ERROR ]  http://zh.wikipedia.org/zh-cn/热拉尔德梅
2014-07-12 11:31:48  [ pool-2-thread-2:85888875 ] - [ ERROR ]  http://zh.wikipedia.org/zh-cn/伊瓦尔斯杜尔赫利
2014-07-12 11:31:49  [ pool-2-thread-5:85890321 ] - [ ERROR ]  http://zh.wikipedia.org/zh-cn/伊索奈孔卡德利亚
2014-07-12 11:32:04  [ pool-2-thread-3:85905142 ] - [ ERROR ]  http://zh.wikipedia.org/zh-cn/佩内列斯
2014-07-12 11:32:07  [ pool-2-thread-3:85907906 ] - [ ERROR ]  http://zh.wikipedia.org/zh-cn/拉波尔特利亚
2014-07-12 11:53:10  [ pool-2-thread-4:87170591 ] - [ ERROR ]  http://zh.wikipedia.org/zh-cn/丰蒂杜埃尼亚德塔霍
2014-07-12 11:53:10  [ pool-2-thread-5:87170662 ] - [ ERROR ]  http://zh.wikipedia.org/zh-cn/丰特埃尔萨斯德哈拉马
2014-07-12 11:53:11  [ pool-2-thread-2:87171462 ] - [ ERROR ]  http://zh.wikipedia.org/zh-cn/加尔甘蒂利亚德略索亚伊皮尼利亚德维特
2014-07-12 11:53:13  [ pool-2-thread-1:87174205 ] - [ ERROR ]  http://zh.wikipedia.org/zh-cn/乌马内斯德马德里德
2014-07-12 11:53:44  [ pool-2-thread-3:87205100 ] - [ ERROR ]  http://zh.wikipedia.org/zh-cn/巴尔韦尔德德亚尔卡拉
2014-07-12 12:43:57  [ pool-2-thread-5:90217373 ] - [ ERROR ]  http://zh.wikipedia.org/zh-cn/叙德尔多尔夫
2014-07-12 12:44:02  [ pool-2-thread-1:90222926 ] - [ ERROR ]  http://zh.wikipedia.org/zh-cn/古登多尔夫
2014-07-12 12:44:04  [ pool-2-thread-4:90224585 ] - [ ERROR ]  http://zh.wikipedia.org/zh-cn/宁多尔夫
2014-07-12 12:45:56  [ pool-2-thread-3:90336717 ] - [ ERROR ]  http://zh.wikipedia.org/zh-cn/哈塞尔多尔夫
2014-07-12 12:46:10  [ pool-2-thread-2:90350488 ] - [ ERROR ]  http://zh.wikipedia.org/zh-cn/布莱肯多尔夫
2014-07-12 12:46:37  [ pool-2-thread-4:90377770 ] - [ ERROR ]  http://zh.wikipedia.org/zh-cn/奥滕多尔夫
2014-07-12 12:46:41  [ pool-2-thread-5:90381342 ] - [ ERROR ]  http://zh.wikipedia.org/zh-cn/奥斯多尔夫
2014-07-12 12:46:46  [ pool-2-thread-4:90387312 ] - [ ERROR ]  http://zh.wikipedia.org/zh-cn/哈姆多尔夫
2014-07-12 12:47:07  [ pool-2-thread-2:90407728 ] - [ ERROR ]  http://zh.wikipedia.org/zh-cn/宾斯多尔夫
2014-07-12 12:47:16  [ pool-2-thread-5:90417121 ] - [ ERROR ]  http://zh.wikipedia.org/zh-cn/贝尔多尔夫
2014-07-12 12:47:17  [ pool-2-thread-1:90417745 ] - [ ERROR ]  http://zh.wikipedia.org/zh-cn/本多尔夫
2014-07-12 12:47:18  [ pool-2-thread-3:90418440 ] - [ ERROR ]  http://zh.wikipedia.org/zh-cn/埃恩多尔夫
2014-07-12 12:47:19  [ pool-2-thread-5:90420103 ] - [ ERROR ]  http://zh.wikipedia.org/zh-cn/亚尔斯多尔夫
2014-07-12 12:47:28  [ pool-2-thread-2:90428975 ] - [ ERROR ]  http://zh.wikipedia.org/zh-cn/布斯多尔夫
2014-07-12 12:48:21  [ pool-2-thread-4:90481769 ] - [ ERROR ]  http://zh.wikipedia.org/zh-cn/内费尔斯多尔夫
2014-07-12 12:50:01  [ pool-2-thread-2:90581586 ] - [ ERROR ]  http://zh.wikipedia.org/zh-cn/劳斯多尔夫
2014-07-12 12:56:09  [ pool-2-thread-3:90949594 ] - [ ERROR ]  http://zh.wikipedia.org/zh-cn/嫩多尔夫
2014-07-12 12:57:55  [ pool-2-thread-5:91055743 ] - [ ERROR ]  http://zh.wikipedia.org/zh-cn/奥茨贝尔格
2014-07-12 12:58:00  [ pool-2-thread-3:91061287 ] - [ ERROR ]  http://zh.wikipedia.org/zh-cn/巴德洪布尔格福尔德尔赫黑
2014-07-12 12:58:02  [ pool-2-thread-3:91062834 ] - [ ERROR ]  http://zh.wikipedia.org/zh-cn/克龙贝尔格伊姆陶努斯
2014-07-12 12:58:04  [ pool-2-thread-5:91065186 ] - [ ERROR ]  http://zh.wikipedia.org/zh-cn/巴德奥尔布
2014-07-12 12:58:15  [ pool-2-thread-1:91075455 ] - [ ERROR ]  http://zh.wikipedia.org/zh-cn/埃施博尔恩
2014-07-12 12:58:17  [ pool-2-thread-2:91077694 ] - [ ERROR ]  http://zh.wikipedia.org/zh-cn/利德尔巴阿姆陶努斯
2014-07-12 12:58:18  [ pool-2-thread-1:91078630 ] - [ ERROR ]  http://zh.wikipedia.org/zh-cn/巴德克尼希
2014-07-12 12:58:52  [ pool-2-thread-5:91112435 ] - [ ERROR ]  http://zh.wikipedia.org/zh-cn/巴德坎贝尔格
2014-07-12 12:58:52  [ pool-2-thread-1:91112707 ] - [ ERROR ]  http://zh.wikipedia.org/zh-cn/多尔恩堡
2014-07-12 12:58:54  [ pool-2-thread-3:91114674 ] - [ ERROR ]  http://zh.wikipedia.org/zh-cn/勒赫恩贝尔格
2014-07-12 12:58:58  [ pool-2-thread-4:91118886 ] - [ ERROR ]  http://zh.wikipedia.org/zh-cn/埃布斯多尔费尔格伦德
2014-07-12 12:59:01  [ pool-2-thread-5:91122174 ] - [ ERROR ]  http://zh.wikipedia.org/zh-cn/施特芬贝尔格
2014-07-12 12:59:13  [ pool-2-thread-4:91133539 ] - [ ERROR ]  http://zh.wikipedia.org/zh-cn/佩特尔斯贝尔格
2014-07-12 12:59:30  [ pool-2-thread-1:91151278 ] - [ ERROR ]  http://zh.wikipedia.org/zh-cn/吉尔塞尔贝尔格
2014-07-12 12:59:31  [ pool-2-thread-5:91151515 ] - [ ERROR ]  http://zh.wikipedia.org/zh-cn/古登斯贝尔格
2014-07-12 12:59:35  [ pool-2-thread-5:91155972 ] - [ ERROR ]  http://zh.wikipedia.org/zh-cn/施潘根贝尔格
2014-07-12 13:14:37  [ pool-2-thread-4:92057420 ] - [ ERROR ]  http://zh.wikipedia.org/zh-cn/策尔伊姆维森塔尔
2014-07-12 13:24:33  [ pool-2-thread-2:92654226 ] - [ ERROR ]  http://zh.wikipedia.org/zh-cn/通多尔夫
2014-07-12 13:25:43  [ pool-2-thread-4:92723594 ] - [ ERROR ]  http://zh.wikipedia.org/zh-cn/佩特尔斯多夫 (巴伐利亚州)
2014-07-12 13:27:02  [ pool-2-thread-1:92802760 ] - [ ERROR ]  http://zh.wikipedia.org/zh-cn/奥伊-米特尔贝尔格
2014-07-12 13:29:56  [ pool-2-thread-4:92976888 ] - [ ERROR ]  http://zh.wikipedia.org/zh-cn/佩特尔斯多夫
2014-07-12 13:42:53  [ pool-2-thread-3:93754134 ] - [ ERROR ]  http://zh.wikipedia.org/zh-cn/塔拉尔 (上阿尔卑斯省)
2014-07-12 14:25:36  [ pool-2-thread-5:96317019 ] - [ ERROR ]  http://zh.wikipedia.org/zh-cn/拜翁 (默尔特-摩泽尔省)
2014-07-12 14:25:37  [ pool-2-thread-3:96318129 ] - [ ERROR ]  http://zh.wikipedia.org/zh-cn/马河畔拜翁维尔
2014-07-12 14:27:27  [ pool-2-thread-4:96427423 ] - [ ERROR ]  http://zh.wikipedia.org/zh-cn/拉纳弗维尔德旺拜翁
2014-07-12 14:28:38  [ pool-2-thread-3:96499283 ] - [ ERROR ]  http://zh.wikipedia.org/zh-cn/罗维尔德旺拜翁 (默尔特-摩泽尔省)
2014-07-12 14:36:40  [ pool-2-thread-1:96980626 ] - [ ERROR ]  http://zh.wikipedia.org/zh-cn/塞尔河畔马洛库尔 (摩泽尔省)
2014-07-12 14:49:18  [ pool-2-thread-5:97738597 ] - [ ERROR ]  http://zh.wikipedia.org/zh-cn/安西尔
2014-07-12 14:53:03  [ pool-2-thread-3:97964101 ] - [ ERROR ]  http://zh.wikipedia.org/zh-cn/于斯塔里特 (比利牛斯-大西洋省)
2014-07-12 15:00:37  [ pool-2-thread-3:98417498 ] - [ ERROR ]  http://zh.wikipedia.org/zh-cn/金日成的早年生涯
2014-07-12 15:48:57  [ pool-2-thread-1:101317801 ] - [ ERROR ]  http://zh.wikipedia.org/zh-cn/蔡明孝
2014-07-12 16:01:45  [ pool-2-thread-4:102085452 ] - [ ERROR ]  http://zh.wikipedia.org/zh-cn/易中年会
2014-07-12 16:36:03  [ pool-2-thread-2:104143696 ] - [ ERROR ]  http://zh.wikipedia.org/zh-cn/歼-18
2014-07-12 17:07:41  [ pool-2-thread-3:106042178 ] - [ ERROR ]  http://zh.wikipedia.org/zh-cn/佩特尔斯多夫 (奥地利)
2014-07-12 17:18:49  [ pool-2-thread-5:106709859 ] - [ ERROR ]  http://zh.wikipedia.org/zh-cn/卡贝苏多斯
2014-07-12 17:29:45  [ pool-2-thread-3:107365948 ] - [ ERROR ]  http://zh.wikipedia.org/zh-cn/回族佛教
2014-07-12 18:06:10  [ pool-2-thread-4:109550971 ] - [ ERROR ]  http://zh.wikipedia.org/zh-cn/铬酸亚铁
2014-07-12 18:11:19  [ pool-2-thread-3:109860137 ] - [ ERROR ]  http://zh.wikipedia.org/zh-cn/我們就是那99%的人
2014-07-12 18:34:25  [ pool-2-thread-4:111246056 ] - [ ERROR ]  http://zh.wikipedia.org/zh-cn/江南棋院
2014-07-12 18:54:31  [ pool-2-thread-3:112451745 ] - [ ERROR ]  http://zh.wikipedia.org/zh-cn/歼-17
2014-07-12 18:59:08  [ pool-2-thread-4:112728987 ] - [ ERROR ]  http://zh.wikipedia.org/zh-cn/第一津街 (广州)
2014-07-12 19:06:11  [ pool-2-thread-2:113151929 ] - [ ERROR ]  http://zh.wikipedia.org/zh-cn/100%傳達給你/振袖和服
2014-07-12 19:41:00  [ pool-2-thread-1:115240493 ] - [ ERROR ]  http://zh.wikipedia.org/zh-cn/浦江停车场站
2014-07-12 19:50:10  [ pool-2-thread-2:115791325 ] - [ ERROR ]  http://zh.wikipedia.org/zh-cn/想用1000%的力量來戀愛／Pretty Rhythm de Go！
2014-07-12 19:50:12  [ pool-2-thread-5:115793126 ] - [ ERROR ]  http://zh.wikipedia.org/zh-cn/1% (板野友美单曲)
2014-07-12 19:54:27  [ pool-2-thread-2:116047877 ] - [ ERROR ]  http://zh.wikipedia.org/zh-cn/黃勇緯
2014-07-12 19:57:10  [ pool-2-thread-3:116210851 ] - [ ERROR ]  http://zh.wikipedia.org/zh-cn/对毛泽东的评价
2014-07-12 20:01:26  [ pool-2-thread-1:116466579 ] - [ ERROR ]  http://zh.wikipedia.org/zh-cn/勇氣100%／直到世界大同
2014-07-12 20:04:18  [ pool-2-thread-2:116639308 ] - [ ERROR ]  http://zh.wikipedia.org/zh-cn/滋味科學
2014-07-12 20:05:24  [ pool-2-thread-1:116705205 ] - [ ERROR ]  http://zh.wikipedia.org/zh-cn/洪忠良
2014-07-12 20:05:56  [ pool-2-thread-3:116737172 ] - [ ERROR ]  http://zh.wikipedia.org/zh-cn/杨十夜
2014-07-12 20:15:34  [ pool-2-thread-3:117315256 ] - [ ERROR ]  http://zh.wikipedia.org/zh-cn/自制團
2014-07-12 20:31:27  [ pool-2-thread-2:118267439 ] - [ ERROR ]  http://zh.wikipedia.org/zh-cn/Why So Serious? - The Misconceptions Of Me
2014-07-12 20:33:20  [ pool-2-thread-3:118381096 ] - [ ERROR ]  http://zh.wikipedia.org/zh-cn/100%KPP World Tour
2014-07-12 20:53:10  [ pool-2-thread-2:119571303 ] - [ ERROR ]  http://zh.wikipedia.org/zh-cn/高雄市6路公車
2014-07-12 21:08:25  [ pool-2-thread-5:120485671 ] - [ ERROR ]  http://zh.wikipedia.org/zh-cn/Last Note.
2014-07-12 21:27:20  [ pool-2-thread-1:121620697 ] - [ ERROR ]  http://zh.wikipedia.org/zh-cn/張懷媗
2014-07-12 21:45:05  [ pool-2-thread-2:122686027 ] - [ ERROR ]  http://zh.wikipedia.org/zh-cn/一天四海
2014-07-12 21:45:42  [ pool-2-thread-3:122722878 ] - [ ERROR ]  http://zh.wikipedia.org/zh-cn/GLAMOROUS GOSSIP
2014-07-12 21:46:39  [ pool-2-thread-1:122780209 ] - [ ERROR ]  http://zh.wikipedia.org/zh-cn/臺灣日本學生交流會
2014-07-12 21:53:41  [ pool-2-thread-3:123201645 ] - [ ERROR ]  http://zh.wikipedia.org/zh-cn/卡爾奇夫
2014-07-12 21:55:04  [ pool-2-thread-1:123285004 ] - [ ERROR ]  http://zh.wikipedia.org/zh-cn/2013年安卡拉盃–單打
2014-07-12 21:55:05  [ pool-2-thread-3:123285718 ] - [ ERROR ]  http://zh.wikipedia.org/zh-cn/2013年安卡拉盃–雙打
2014-07-12 22:11:50  [ pool-2-thread-5:124290749 ] - [ ERROR ]  http://zh.wikipedia.org/zh-cn/奥凯德王
2014-07-12 22:18:13  [ pool-2-thread-3:124674303 ] - [ ERROR ]  http://zh.wikipedia.org/zh-cn/益德偉帝
2014-07-12 22:27:18  [ pool-2-thread-2:125218515 ] - [ ERROR ]  http://zh.wikipedia.org/zh-cn/九巴上水石湖墟車廠
2014-07-12 22:32:57  [ pool-2-thread-4:125557659 ] - [ ERROR ]  http://zh.wikipedia.org/zh-cn/卉卉
2014-07-12 22:41:19  [ pool-2-thread-2:126059729 ] - [ ERROR ]  http://zh.wikipedia.org/zh-cn/航空航天大学站
2014-07-12 22:41:19  [ pool-2-thread-4:126059984 ] - [ ERROR ]  http://zh.wikipedia.org/zh-cn/师范大学站 (沈阳)
2014-07-12 22:41:20  [ pool-2-thread-3:126061240 ] - [ ERROR ]  http://zh.wikipedia.org/zh-cn/医学院站 (沈阳)
2014-07-12 22:47:27  [ pool-2-thread-5:126428165 ] - [ ERROR ]  http://zh.wikipedia.org/zh-cn/明德三路站
2014-07-12 22:48:32  [ pool-2-thread-1:126493285 ] - [ ERROR ]  http://zh.wikipedia.org/zh-cn/你的笑容是太陽 / 沒有東西能取代你 / What is LOVE?
2014-07-12 23:01:20  [ pool-2-thread-4:127260648 ] - [ ERROR ]  http://zh.wikipedia.org/zh-cn/英国复合土
2014-07-12 23:01:41  [ pool-2-thread-2:127281649 ] - [ ERROR ]  http://zh.wikipedia.org/zh-cn/少年警訊深資領袖委員會
2014-07-12 23:05:30  [ pool-2-thread-3:127510838 ] - [ ERROR ]  http://zh.wikipedia.org/zh-cn/歐宴泉
2014-07-12 23:05:35  [ pool-2-thread-3:127515877 ] - [ ERROR ]  http://zh.wikipedia.org/zh-cn/鋼鐵白兔騎士團
2014-07-12 23:10:57  [ pool-2-thread-2:127837951 ] - [ ERROR ]  http://zh.wikipedia.org/zh-cn/花城街道/temp
2014-07-12 23:15:00  [ pool-2-thread-4:128081122 ] - [ ERROR ]  http://zh.wikipedia.org/zh-cn/鄭成功北伐/temp
2014-07-12 23:16:40  [ pool-2-thread-3:128180945 ] - [ ERROR ]  http://zh.wikipedia.org/zh-cn/疯神监狱
2014-07-12 23:16:41  [ pool-2-thread-1:128182260 ] - [ ERROR ]  http://zh.wikipedia.org/zh-cn/周華年
2014-07-12 23:18:26  [ pool-2-thread-5:128287199 ] - [ ERROR ]  http://zh.wikipedia.org/zh-cn/2014年张王会谈
2014-07-12 23:18:39  [ pool-2-thread-2:128299993 ] - [ ERROR ]  http://zh.wikipedia.org/zh-cn/SPM英文
2014-07-12 23:18:50  [ pool-2-thread-4:128311166 ] - [ ERROR ]  http://zh.wikipedia.org/zh-cn/絢香 LIVE TOUR 2013 Fortune Cookie～什麼會跑出來呢!?～
2014-07-12 23:25:07  [ pool-2-thread-3:128687405 ] - [ ERROR ]  http://zh.wikipedia.org/zh-cn/叶广芩/temp
2014-07-12 23:28:59  [ pool-2-thread-3:128919449 ] - [ ERROR ]  http://zh.wikipedia.org/zh-cn/九命奇冤梁天來
2014-07-12 23:30:29  [ pool-2-thread-4:129010177 ] - [ ERROR ]  http://zh.wikipedia.org/zh-cn/俞冲站
2014-07-12 23:30:48  [ pool-2-thread-3:129029065 ] - [ ERROR ]  http://zh.wikipedia.org/zh-cn/華麗轉身
2014-07-12 23:31:24  [ pool-2-thread-3:129065083 ] - [ ERROR ]  http://zh.wikipedia.org/zh-cn/邓运学
2014-07-12 23:32:01  [ pool-2-thread-3:129101481 ] - [ ERROR ]  http://zh.wikipedia.org/zh-cn/台中市公車（未定）路
2014-07-12 23:32:56  [ pool-2-thread-4:129157222 ] - [ ERROR ]  http://zh.wikipedia.org/zh-cn/韓俊熙
2014-07-12 23:37:26  [ pool-2-thread-2:129426468 ] - [ ERROR ]  http://zh.wikipedia.org/zh-cn/What turns you on?
2014-07-12 23:39:33  [ pool-2-thread-3:129554319 ] - [ ERROR ]  http://zh.wikipedia.org/zh-cn/Kano廢文投稿事件
2014-07-12 23:39:52  [ pool-2-thread-5:129572991 ] - [ ERROR ]  http://zh.wikipedia.org/zh-cn/李沛瑋
2014-07-12 23:40:34  [ pool-2-thread-5:129614765 ] - [ ERROR ]  http://zh.wikipedia.org/zh-cn/107%规则
2014-07-12 23:40:37  [ pool-2-thread-4:129618089 ] - [ ERROR ]  http://zh.wikipedia.org/zh-cn/Above The City 城市異想
2014-07-12 23:40:54  [ pool-2-thread-1:129634349 ] - [ ERROR ]  http://zh.wikipedia.org/zh-cn/大湖長壽宮/temp
2014-07-12 23:41:51  [ pool-2-thread-5:129691514 ] - [ ERROR ]  http://zh.wikipedia.org/zh-cn/徵信社尋人
2014-07-12 23:44:34  [ pool-2-thread-1:129854598 ] - [ ERROR ]  http://zh.wikipedia.org/zh-cn/陳文貴 (台中市)
2014-07-12 23:45:52  [ pool-2-thread-4:129932683 ] - [ ERROR ]  http://zh.wikipedia.org/zh-cn/空氣中的危險因子
2014-07-12 23:45:57  [ pool-2-thread-4:129937930 ] - [ ERROR ]  http://zh.wikipedia.org/zh-cn/錯伏
2014-07-12 23:46:01  [ pool-2-thread-1:129941458 ] - [ ERROR ]  http://zh.wikipedia.org/zh-cn/鍾佳珍
2014-07-12 23:47:50  [ pool-2-thread-5:130051294 ] - [ ERROR ]  http://zh.wikipedia.org/zh-cn/韩流工厂
2014-07-12 23:47:55  [ pool-2-thread-1:130056290 ] - [ ERROR ]  http://zh.wikipedia.org/zh-cn/玩玩星期天
2014-07-12 23:48:19  [ pool-2-thread-3:130079769 ] - [ ERROR ]  http://zh.wikipedia.org/zh-cn/妥义谟
2014-07-12 23:48:21  [ pool-2-thread-2:130081389 ] - [ ERROR ]  http://zh.wikipedia.org/zh-cn/褚宴
2014-07-12 23:49:14  [ pool-2-thread-4:130134548 ] - [ ERROR ]  http://zh.wikipedia.org/zh-cn/广州地铁22号线
2014-07-12 23:52:09  [ pool-2-thread-5:130309862 ] - [ ERROR ]  http://zh.wikipedia.org/zh-cn/蓝正辉/temp
2014-07-12 23:58:16  [ pool-2-thread-1:130676487 ] - [ ERROR ]  http://zh.wikipedia.org/zh-cn/尼扬古
2014-07-12 23:58:20  [ pool-2-thread-3:130680794 ] - [ ERROR ]  http://zh.wikipedia.org/zh-cn/略晓
2014-07-12 23:58:54  [ pool-2-thread-4:130714558 ] - [ ERROR ]  http://zh.wikipedia.org/zh-cn/香港綠色自然聯盟
2014-07-12 23:58:58  [ pool-2-thread-5:130719340 ] - [ ERROR ]  http://zh.wikipedia.org/zh-cn/關樾
2014-07-12 23:59:03  [ pool-2-thread-5:130723992 ] - [ ERROR ]  http://zh.wikipedia.org/zh-cn/鄧韜
2014-07-12 23:59:38  [ pool-2-thread-5:130758798 ] - [ ERROR ]  http://zh.wikipedia.org/zh-cn/库尔喀
2014-07-13 00:00:43  [ pool-2-thread-4:130823968 ] - [ ERROR ]  http://zh.wikipedia.org/zh-cn/中華民國徵信品質保障關懷交流協會
2014-07-13 00:02:43  [ pool-2-thread-1:130944005 ] - [ ERROR ]  http://zh.wikipedia.org/zh-cn/朱敷錚
2014-07-13 00:03:00  [ pool-2-thread-1:130960939 ] - [ ERROR ]  http://zh.wikipedia.org/zh-cn/布三
2014-07-13 00:08:48  [ pool-2-thread-3:131309119 ] - [ ERROR ]  http://zh.wikipedia.org/zh-cn/潮拜武當
2014-07-13 00:10:08  [ pool-2-thread-3:131388983 ] - [ ERROR ]  http://zh.wikipedia.org/zh-cn/頂車層
2014-07-13 00:10:12  [ pool-2-thread-4:131392444 ] - [ ERROR ]  http://zh.wikipedia.org/zh-cn/李需民/temp
2014-07-13 00:10:38  [ pool-2-thread-5:131418593 ] - [ ERROR ]  http://zh.wikipedia.org/zh-cn/余晉
2014-07-13 00:10:40  [ pool-2-thread-3:131420450 ] - [ ERROR ]  http://zh.wikipedia.org/zh-cn/杜忻恬
2014-07-13 00:12:28  [ pool-2-thread-3:131528776 ] - [ ERROR ]  http://zh.wikipedia.org/zh-cn/何渭生/temp
2014-07-13 00:12:42  [ pool-2-thread-3:131543141 ] - [ ERROR ]  http://zh.wikipedia.org/zh-cn/妄想税
2014-07-13 00:17:36  [ pool-2-thread-4:131836871 ] - [ ERROR ]  http://zh.wikipedia.org/zh-cn/李栢伟
2014-07-13 00:17:46  [ pool-2-thread-2:131846744 ] - [ ERROR ]  http://zh.wikipedia.org/zh-cn/林汝洲/temp
2014-07-13 00:18:07  [ pool-2-thread-4:131868162 ] - [ ERROR ]  http://zh.wikipedia.org/zh-cn/陈垂象
2014-07-13 00:19:32  [ pool-2-thread-1:131952922 ] - [ ERROR ]  http://zh.wikipedia.org/zh-cn/柑橘天敌
2014-07-13 00:19:33  [ pool-2-thread-4:131953588 ] - [ ERROR ]  http://zh.wikipedia.org/zh-cn/海灣麗影之斬首行動
2014-07-13 00:20:22  [ pool-2-thread-2:132003003 ] - [ ERROR ]  http://zh.wikipedia.org/zh-cn/梁瀚文
2014-07-13 00:20:37  [ pool-2-thread-1:132017754 ] - [ ERROR ]  http://zh.wikipedia.org/zh-cn/游耀光
2014-07-13 00:20:49  [ pool-2-thread-3:132029428 ] - [ ERROR ]  http://zh.wikipedia.org/zh-cn/宗政碧均
2014-07-13 00:20:53  [ pool-2-thread-4:132033709 ] - [ ERROR ]  http://zh.wikipedia.org/zh-cn/王彬 (配音員)
2014-07-13 00:23:16  [ pool-2-thread-5:132176779 ] - [ ERROR ]  http://zh.wikipedia.org/zh-cn/王府井劫杀的哥连撞九人案
2014-07-13 00:23:38  [ pool-2-thread-1:132198923 ] - [ ERROR ]  http://zh.wikipedia.org/zh-cn/生物醫學
2014-07-13 00:25:21  [ pool-2-thread-4:132302024 ] - [ ERROR ]  http://zh.wikipedia.org/zh-cn/鍾劍華
2014-07-13 00:25:28  [ pool-2-thread-1:132308706 ] - [ ERROR ]  http://zh.wikipedia.org/zh-cn/萬斯敏/temp
2014-07-13 00:26:07  [ pool-2-thread-4:132348272 ] - [ ERROR ]  http://zh.wikipedia.org/zh-cn/莫里茨 (黑森王储)
2014-07-13 00:26:22  [ pool-2-thread-1:132362414 ] - [ ERROR ]  http://zh.wikipedia.org/zh-cn/果机年
2014-07-13 00:26:25  [ pool-2-thread-5:132366006 ] - [ ERROR ]  http://zh.wikipedia.org/zh-cn/朱進新
2014-07-13 00:26:35  [ pool-2-thread-4:132375551 ] - [ ERROR ]  http://zh.wikipedia.org/zh-cn/霍拉索维采历史村落保护区
2014-07-13 00:26:52  [ pool-2-thread-4:132392776 ] - [ ERROR ]  http://zh.wikipedia.org/zh-cn/亨利二十九世 (罗伊斯)
2014-07-13 00:26:57  [ pool-2-thread-4:132397929 ] - [ ERROR ]  http://zh.wikipedia.org/zh-cn/魏晓斌
2014-07-13 00:28:15  [ pool-2-thread-1:132475542 ] - [ ERROR ]  http://zh.wikipedia.org/zh-cn/什么是所有权?
2014-07-13 00:28:22  [ pool-2-thread-5:132482384 ] - [ ERROR ]  http://zh.wikipedia.org/zh-cn/機動戰士Next
2014-07-13 00:28:40  [ pool-2-thread-1:132500757 ] - [ ERROR ]  http://zh.wikipedia.org/zh-cn/靈山縣 (隋代)
2014-07-13 00:28:43  [ pool-2-thread-3:132503848 ] - [ ERROR ]  http://zh.wikipedia.org/zh-cn/HANDS UP!
2014-07-13 00:28:49  [ pool-2-thread-4:132509797 ] - [ ERROR ]  http://zh.wikipedia.org/zh-cn/木场岭
2014-07-13 00:29:08  [ pool-2-thread-4:132528988 ] - [ ERROR ]  http://zh.wikipedia.org/zh-cn/上海市松江区教师进修学院附属立达中学
2014-07-13 00:29:18  [ pool-2-thread-5:132538813 ] - [ ERROR ]  http://zh.wikipedia.org/zh-cn/上海市民办立达中学
2014-07-13 00:29:35  [ pool-2-thread-3:132555799 ] - [ ERROR ]  http://zh.wikipedia.org/zh-cn/尤莉娅·卡塔琳娜 (安哈尔特)
2014-07-13 00:29:40  [ pool-2-thread-4:132560588 ] - [ ERROR ]  http://zh.wikipedia.org/zh-cn/陳瑞斌 (鋼琴家)
2014-07-13 00:30:06  [ pool-2-thread-2:132586476 ] - [ ERROR ]  http://zh.wikipedia.org/zh-cn/米哈伊尔·普罗霍罗夫
2014-07-13 00:30:08  [ pool-2-thread-5:132588350 ] - [ ERROR ]  http://zh.wikipedia.org/zh-cn/徐福正
2014-07-13 00:30:11  [ pool-2-thread-5:132591611 ] - [ ERROR ]  http://zh.wikipedia.org/zh-cn/梁颖 (配音演员)
2014-07-13 00:30:26  [ pool-2-thread-4:132606498 ] - [ ERROR ]  http://zh.wikipedia.org/zh-cn/Let's Go!
2014-07-13 00:30:29  [ pool-2-thread-3:132609738 ] - [ ERROR ]  http://zh.wikipedia.org/zh-cn/蔡憲浩
2014-07-13 00:30:31  [ pool-2-thread-4:132612101 ] - [ ERROR ]  http://zh.wikipedia.org/zh-cn/王孝維
2014-07-13 00:30:32  [ pool-2-thread-5:132612798 ] - [ ERROR ]  http://zh.wikipedia.org/zh-cn/李厚慶
2014-07-13 00:31:00  [ pool-2-thread-5:132640976 ] - [ ERROR ]  http://zh.wikipedia.org/zh-cn/「奇蹟的世代」所屬的學校
2014-07-13 00:31:11  [ pool-2-thread-1:132651366 ] - [ ERROR ]  http://zh.wikipedia.org/zh-cn/王智 (明朝)
2014-07-13 00:31:18  [ pool-2-thread-5:132659182 ] - [ ERROR ]  http://zh.wikipedia.org/zh-cn/北海365
2014-07-13 00:32:06  [ pool-2-thread-5:132706713 ] - [ ERROR ]  http://zh.wikipedia.org/zh-cn/張宛靜
2014-07-13 00:32:06  [ pool-2-thread-1:132706870 ] - [ ERROR ]  http://zh.wikipedia.org/zh-cn/夏翰曉
2014-07-13 00:32:09  [ pool-2-thread-1:132709524 ] - [ ERROR ]  http://zh.wikipedia.org/zh-cn/李纯涛
2014-07-13 00:32:14  [ pool-2-thread-5:132714689 ] - [ ERROR ]  http://zh.wikipedia.org/zh-cn/怪物血族
2014-07-13 00:32:17  [ pool-2-thread-1:132718312 ] - [ ERROR ]  http://zh.wikipedia.org/zh-cn/朴政民
2014-07-13 00:32:44  [ pool-2-thread-2:132745135 ] - [ ERROR ]  http://zh.wikipedia.org/zh-cn/威廉·恩斯特 (萨克森-魏玛-艾森纳赫王子)
2014-07-13 00:32:51  [ pool-2-thread-4:132751472 ] - [ ERROR ]  http://zh.wikipedia.org/zh-cn/超人氣娛樂
2014-07-13 00:32:54  [ pool-2-thread-4:132755109 ] - [ ERROR ]  http://zh.wikipedia.org/zh-cn/趙正明/temp
2014-07-13 00:33:09  [ pool-2-thread-2:132770159 ] - [ ERROR ]  http://zh.wikipedia.org/zh-cn/小中大電視台
2014-07-13 00:33:22  [ pool-2-thread-2:132782595 ] - [ ERROR ]  http://zh.wikipedia.org/zh-cn/張侑（礻密）
2014-07-13 00:33:26  [ pool-2-thread-5:132786992 ] - [ ERROR ]  http://zh.wikipedia.org/zh-cn/俄罗斯海军护卫舰列表
2014-07-13 00:33:27  [ pool-2-thread-1:132787468 ] - [ ERROR ]  http://zh.wikipedia.org/zh-cn/俄罗斯海军巡洋舰列表
2014-07-13 00:33:28  [ pool-2-thread-2:132788853 ] - [ ERROR ]  http://zh.wikipedia.org/zh-cn/信安县 (北宋)
2014-07-13 00:34:01  [ pool-2-thread-5:132822100 ] - [ ERROR ]  http://zh.wikipedia.org/zh-cn/許芷盈
2014-07-13 00:34:02  [ pool-2-thread-5:132823290 ] - [ ERROR ]  http://zh.wikipedia.org/zh-cn/朱載培 (配音員)
2014-07-13 00:34:24  [ pool-2-thread-4:132844895 ] - [ ERROR ]  http://zh.wikipedia.org/zh-cn/元氏县职业技术教育中心
2014-07-13 00:34:55  [ pool-2-thread-2:132875961 ] - [ ERROR ]  http://zh.wikipedia.org/zh-cn/Beyond The Limit
2014-07-13 00:35:31  [ pool-2-thread-1:132912168 ] - [ ERROR ]  http://zh.wikipedia.org/zh-cn/瑪姬集團
2014-07-13 00:35:34  [ pool-2-thread-4:132914426 ] - [ ERROR ]  http://zh.wikipedia.org/zh-cn/靠背壟道
2014-07-13 00:35:40  [ pool-2-thread-2:132921197 ] - [ ERROR ]  http://zh.wikipedia.org/zh-cn/黃若薇
2014-07-13 00:35:41  [ pool-2-thread-1:132921876 ] - [ ERROR ]  http://zh.wikipedia.org/zh-cn/更新组
2014-07-13 00:36:12  [ pool-2-thread-3:132952785 ] - [ ERROR ]  http://zh.wikipedia.org/zh-cn/陈明 (作家)
2014-07-13 00:36:16  [ pool-2-thread-2:132956565 ] - [ ERROR ]  http://zh.wikipedia.org/zh-cn/普爱社会工作服务社
2014-07-13 00:37:15  [ pool-2-thread-4:133015973 ] - [ ERROR ]  http://zh.wikipedia.org/zh-cn/程振山
2014-07-13 00:37:27  [ pool-2-thread-3:133027767 ] - [ ERROR ]  http://zh.wikipedia.org/zh-cn/陳廣謙
2014-07-13 00:37:27  [ pool-2-thread-1:133027788 ] - [ ERROR ]  http://zh.wikipedia.org/zh-cn/林慈媛
2014-07-13 00:37:27  [ pool-2-thread-5:133028253 ] - [ ERROR ]  http://zh.wikipedia.org/zh-cn/王致潔
2014-07-13 00:37:30  [ pool-2-thread-3:133030617 ] - [ ERROR ]  http://zh.wikipedia.org/zh-cn/刘秀娥
2014-07-13 00:37:30  [ pool-2-thread-5:133031114 ] - [ ERROR ]  http://zh.wikipedia.org/zh-cn/陈梅月
2014-07-13 00:37:36  [ pool-2-thread-3:133036351 ] - [ ERROR ]  http://zh.wikipedia.org/zh-cn/苏莞雯/temp
2014-07-13 00:37:47  [ pool-2-thread-5:133048009 ] - [ ERROR ]  http://zh.wikipedia.org/zh-cn/杨开城
2014-07-13 00:37:53  [ pool-2-thread-2:133054330 ] - [ ERROR ]  http://zh.wikipedia.org/zh-cn/香港文化旅遊
2014-07-13 00:38:14  [ pool-2-thread-1:133075033 ] - [ ERROR ]  http://zh.wikipedia.org/zh-cn/老頭子 (笑傲江湖)
2014-07-13 00:38:16  [ pool-2-thread-1:133076374 ] - [ ERROR ]  http://zh.wikipedia.org/zh-cn/Drama
2014-07-13 00:38:25  [ pool-2-thread-1:133085935 ] - [ ERROR ]  http://zh.wikipedia.org/zh-cn/深田桃
2014-07-13 00:38:50  [ pool-2-thread-1:133111329 ] - [ ERROR ]  http://zh.wikipedia.org/zh-cn/彩美旬果
2014-07-13 00:40:03  [ pool-2-thread-5:133183384 ] - [ ERROR ]  http://zh.wikipedia.org/zh-cn/康拉德 (萨克森-迈宁根)
2014-07-13 00:41:20  [ pool-2-thread-3:133260708 ] - [ ERROR ]  http://zh.wikipedia.org/zh-cn/陳壽 (配音員)
2014-07-13 00:41:40  [ pool-2-thread-2:133280734 ] - [ ERROR ]  http://zh.wikipedia.org/zh-cn/陳恩碩
2014-07-13 00:41:41  [ pool-2-thread-5:133281593 ] - [ ERROR ]  http://zh.wikipedia.org/zh-cn/Shan
2014-07-13 00:41:46  [ pool-2-thread-4:133286521 ] - [ ERROR ]  http://zh.wikipedia.org/zh-cn/信義區行政中心
2014-07-13 00:41:53  [ pool-2-thread-4:133294000 ] - [ ERROR ]  http://zh.wikipedia.org/zh-cn/深圳公交M206路
2014-07-13 00:43:14  [ pool-2-thread-4:133374942 ] - [ ERROR ]  http://zh.wikipedia.org/zh-cn/梁在中
2014-07-13 00:43:14  [ pool-2-thread-1:133375018 ] - [ ERROR ]  http://zh.wikipedia.org/zh-cn/周光武
2014-07-13 00:43:24  [ pool-2-thread-3:133384456 ] - [ ERROR ]  http://zh.wikipedia.org/zh-cn/布袋馍/temp
2014-07-13 00:43:46  [ pool-2-thread-3:133406670 ] - [ ERROR ]  http://zh.wikipedia.org/zh-cn/愛一直伴隨著你 / 正常情況下，當10年偶像是不可能的!?
2014-07-13 00:44:10  [ pool-2-thread-5:133430577 ] - [ ERROR ]  http://zh.wikipedia.org/zh-cn/YuRa
2014-07-13 00:44:20  [ pool-2-thread-5:133441098 ] - [ ERROR ]  http://zh.wikipedia.org/zh-cn/迎樂路
2014-07-13 00:44:22  [ pool-2-thread-4:133442546 ] - [ ERROR ]  http://zh.wikipedia.org/zh-cn/Spencer Tse
2014-07-13 00:44:57  [ pool-2-thread-4:133478143 ] - [ ERROR ]  http://zh.wikipedia.org/zh-cn/吴侃
2014-07-13 00:45:01  [ pool-2-thread-1:133481868 ] - [ ERROR ]  http://zh.wikipedia.org/zh-cn/具損害性工作理論
2014-07-13 00:45:16  [ pool-2-thread-2:133496937 ] - [ ERROR ]  http://zh.wikipedia.org/zh-cn/布羅利
2014-07-13 00:45:17  [ pool-2-thread-2:133498079 ] - [ ERROR ]  http://zh.wikipedia.org/zh-cn/南非吸脂蚊/temp
2014-07-13 00:45:36  [ pool-2-thread-2:133516894 ] - [ ERROR ]  http://zh.wikipedia.org/zh-cn/印度尼西亞民族
2014-07-13 00:45:39  [ pool-2-thread-3:133520208 ] - [ ERROR ]  http://zh.wikipedia.org/zh-cn/上海公交135路
2014-07-13 00:45:59  [ pool-2-thread-1:133539731 ] - [ ERROR ]  http://zh.wikipedia.org/zh-cn/闪函
2014-07-13 00:46:02  [ pool-2-thread-1:133542367 ] - [ ERROR ]  http://zh.wikipedia.org/zh-cn/Work abuse
2014-07-13 00:46:22  [ pool-2-thread-4:133562363 ] - [ ERROR ]  http://zh.wikipedia.org/zh-cn/卢昌
2014-07-13 00:46:28  [ pool-2-thread-1:133568551 ] - [ ERROR ]  http://zh.wikipedia.org/zh-cn/BradyonVeda
2014-07-13 00:46:29  [ pool-2-thread-4:133570200 ] - [ ERROR ]  http://zh.wikipedia.org/zh-cn/纪丙
2014-07-13 00:46:30  [ pool-2-thread-1:133570961 ] - [ ERROR ]  http://zh.wikipedia.org/zh-cn/The basic wage of Taiwan
2014-07-13 00:46:37  [ pool-2-thread-1:133577410 ] - [ ERROR ]  http://zh.wikipedia.org/zh-cn/珠海公交417路线
2014-07-13 00:46:45  [ pool-2-thread-1:133585378 ] - [ ERROR ]  http://zh.wikipedia.org/zh-cn/深圳公交M207路
2014-07-13 00:46:53  [ pool-2-thread-4:133593678 ] - [ ERROR ]  http://zh.wikipedia.org/zh-cn/張永成 (臺灣)
2014-07-13 00:46:55  [ pool-2-thread-1:133596067 ] - [ ERROR ]  http://zh.wikipedia.org/zh-cn/跪凳
2014-07-13 00:47:04  [ pool-2-thread-1:133604966 ] - [ ERROR ]  http://zh.wikipedia.org/zh-cn/秀貴人
2014-07-13 00:47:41  [ pool-2-thread-5:133642055 ] - [ ERROR ]  http://zh.wikipedia.org/zh-cn/長洪武術中壢訓練所
2014-07-13 00:47:46  [ pool-2-thread-1:133646974 ] - [ ERROR ]  http://zh.wikipedia.org/zh-cn/先进制造进展（期刊）/temp
2014-07-13 00:48:05  [ pool-2-thread-1:133665655 ] - [ ERROR ]  http://zh.wikipedia.org/zh-cn/东辽县第一高级中学
2014-07-13 00:48:08  [ pool-2-thread-3:133668568 ] - [ ERROR ]  http://zh.wikipedia.org/zh-cn/群众路线/temp
2014-07-13 00:48:15  [ pool-2-thread-3:133675419 ] - [ ERROR ]  http://zh.wikipedia.org/zh-cn/人存原理
2014-07-13 00:48:17  [ pool-2-thread-3:133677652 ] - [ ERROR ]  http://zh.wikipedia.org/zh-cn/鬼姬VS/temp
2014-07-13 00:48:19  [ pool-2-thread-1:133679567 ] - [ ERROR ]  http://zh.wikipedia.org/zh-cn/001A型航空母舰
2014-07-13 00:48:21  [ pool-2-thread-3:133681507 ] - [ ERROR ]  http://zh.wikipedia.org/zh-cn/收容教育
2014-07-13 00:48:23  [ pool-2-thread-2:133684144 ] - [ ERROR ]  http://zh.wikipedia.org/zh-cn/蝶彩
2014-07-13 00:48:24  [ pool-2-thread-5:133684927 ] - [ ERROR ]  http://zh.wikipedia.org/zh-cn/佛学法门
2014-07-13 00:48:30  [ pool-2-thread-1:133691260 ] - [ ERROR ]  http://zh.wikipedia.org/zh-cn/艾莱提
2014-07-13 00:48:38  [ pool-2-thread-1:133699267 ] - [ ERROR ]  http://zh.wikipedia.org/zh-cn/河洛人物列表
2014-07-13 00:48:47  [ pool-2-thread-3:133708234 ] - [ ERROR ]  http://zh.wikipedia.org/zh-cn/婴儿安全岛
2014-07-13 00:48:49  [ pool-2-thread-3:133709499 ] - [ ERROR ]  http://zh.wikipedia.org/zh-cn/歐元體系
2014-07-13 00:48:50  [ pool-2-thread-4:133710733 ] - [ ERROR ]  http://zh.wikipedia.org/zh-cn/白色污染
2014-07-13 00:48:57  [ pool-2-thread-4:133717582 ] - [ ERROR ]  http://zh.wikipedia.org/zh-cn/廣府人物列表
2014-07-13 00:48:57  [ pool-2-thread-3:133717968 ] - [ ERROR ]  http://zh.wikipedia.org/zh-cn/台灣人物列表
2014-07-13 00:49:00  [ pool-2-thread-1:133720676 ] - [ ERROR ]  http://zh.wikipedia.org/zh-cn/凌东建筑
2014-07-13 00:49:04  [ pool-2-thread-1:133724894 ] - [ ERROR ]  http://zh.wikipedia.org/zh-cn/埃拉尔古典吉他
2014-07-13 00:49:05  [ pool-2-thread-1:133726313 ] - [ ERROR ]  http://zh.wikipedia.org/zh-cn/电影《重返20岁》
2014-07-13 00:49:07  [ pool-2-thread-2:133727362 ] - [ ERROR ]  http://zh.wikipedia.org/zh-cn/青春期自慰
2014-07-13 00:49:08  [ pool-2-thread-4:133728462 ] - [ ERROR ]  http://zh.wikipedia.org/zh-cn/武汉激光打标机
2014-07-13 00:49:09  [ pool-2-thread-2:133729733 ] - [ ERROR ]  http://zh.wikipedia.org/zh-cn/琅琊道
2014-07-13 00:49:13  [ pool-2-thread-2:133733613 ] - [ ERROR ]  http://zh.wikipedia.org/zh-cn/含氟萤丹
2014-07-13 00:49:14  [ pool-2-thread-4:133734799 ] - [ ERROR ]  http://zh.wikipedia.org/zh-cn/大平调
2014-07-13 00:49:14  [ pool-2-thread-2:133735104 ] - [ ERROR ]  http://zh.wikipedia.org/zh-cn/周市爊鸭
2014-07-13 00:49:16  [ pool-2-thread-3:133736724 ] - [ ERROR ]  http://zh.wikipedia.org/zh-cn/范氏牌坊/temp
2014-07-13 00:49:16  [ pool-2-thread-5:133737277 ] - [ ERROR ]  http://zh.wikipedia.org/zh-cn/海慧寺
2014-07-13 00:49:21  [ pool-2-thread-5:133741554 ] - [ ERROR ]  http://zh.wikipedia.org/zh-cn/鱼骨辫
2014-07-13 00:49:41  [ pool-2-thread-4:133761425 ] - [ ERROR ]  http://zh.wikipedia.org/zh-cn/电影理论
2014-07-13 00:49:44  [ pool-2-thread-3:133765160 ] - [ ERROR ]  http://zh.wikipedia.org/zh-cn/傻瓜 (電影)
2014-07-13 00:49:48  [ pool-2-thread-1:133768358 ] - [ ERROR ]  http://zh.wikipedia.org/zh-cn/灵安寺
2014-07-13 00:49:49  [ pool-2-thread-1:133769667 ] - [ ERROR ]  http://zh.wikipedia.org/zh-cn/升泰
2014-07-13 00:49:49  [ pool-2-thread-3:133770233 ] - [ ERROR ]  http://zh.wikipedia.org/zh-cn/囊吧/temp
2014-07-13 00:49:50  [ pool-2-thread-2:133770546 ] - [ ERROR ]  http://zh.wikipedia.org/zh-cn/北京公交22路
2014-07-13 00:49:51  [ pool-2-thread-1:133772169 ] - [ ERROR ]  http://zh.wikipedia.org/zh-cn/李政秀
2014-07-13 00:49:53  [ pool-2-thread-4:133774181 ] - [ ERROR ]  http://zh.wikipedia.org/zh-cn/真珠美人魚人物介紹
2014-07-13 00:49:55  [ pool-2-thread-4:133776238 ] - [ ERROR ]  http://zh.wikipedia.org/zh-cn/Ba（HCO3）2
2014-07-13 00:50:03  [ pool-2-thread-1:133783704 ] - [ ERROR ]  http://zh.wikipedia.org/zh-cn/曹沟革命纪念馆
2014-07-13 00:50:04  [ pool-2-thread-5:133784341 ] - [ ERROR ]  http://zh.wikipedia.org/zh-cn/离歌笑
2014-07-13 00:50:05  [ pool-2-thread-2:133785612 ] - [ ERROR ]  http://zh.wikipedia.org/zh-cn/玉钩斜的秘密
2014-07-13 00:50:07  [ pool-2-thread-5:133787456 ] - [ ERROR ]  http://zh.wikipedia.org/zh-cn/向小寒
2014-07-13 00:50:07  [ pool-2-thread-1:133787470 ] - [ ERROR ]  http://zh.wikipedia.org/zh-cn/香港大學學生會校園電視/temp
2014-07-13 00:50:09  [ pool-2-thread-4:133789608 ] - [ ERROR ]  http://zh.wikipedia.org/zh-cn/游牧风云
2014-07-13 00:50:10  [ pool-2-thread-3:133790966 ] - [ ERROR ]  http://zh.wikipedia.org/zh-cn/宋之春
2014-07-13 00:50:10  [ pool-2-thread-4:133791016 ] - [ ERROR ]  http://zh.wikipedia.org/zh-cn/徐力之
2014-07-13 00:50:14  [ pool-2-thread-3:133794667 ] - [ ERROR ]  http://zh.wikipedia.org/zh-cn/兴化市楚水实验学校/temp
2014-07-13 00:50:15  [ pool-2-thread-5:133795629 ] - [ ERROR ]  http://zh.wikipedia.org/zh-cn/石家庄市第二十八中学
2014-07-13 00:50:17  [ pool-2-thread-2:133797458 ] - [ ERROR ]  http://zh.wikipedia.org/zh-cn/威远楼
2014-07-13 00:50:19  [ pool-2-thread-1:133800209 ] - [ ERROR ]  http://zh.wikipedia.org/zh-cn/聪明的一休之反斗公主
2014-07-13 00:50:21  [ pool-2-thread-3:133801414 ] - [ ERROR ]  http://zh.wikipedia.org/zh-cn/鱼骨辫/temp
2014-07-13 00:50:22  [ pool-2-thread-1:133803207 ] - [ ERROR ]  http://zh.wikipedia.org/zh-cn/山西日报
2014-07-13 00:50:26  [ pool-2-thread-2:133807065 ] - [ ERROR ]  http://zh.wikipedia.org/zh-cn/李绍然/temp
2014-07-13 00:50:28  [ pool-2-thread-1:133809117 ] - [ ERROR ]  http://zh.wikipedia.org/zh-cn/间歇性神经病/temp
2014-07-13 00:50:30  [ pool-2-thread-1:133810505 ] - [ ERROR ]  http://zh.wikipedia.org/zh-cn/信息疾病
2014-07-13 00:50:31  [ pool-2-thread-3:133812173 ] - [ ERROR ]  http://zh.wikipedia.org/zh-cn/被驯服的象
2014-07-13 00:50:33  [ pool-2-thread-3:133813557 ] - [ ERROR ]  http://zh.wikipedia.org/zh-cn/面鱼
2014-07-13 00:50:34  [ pool-2-thread-4:133814363 ] - [ ERROR ]  http://zh.wikipedia.org/zh-cn/烧肉粽的做法
2014-07-13 00:50:34  [ pool-2-thread-2:133814634 ] - [ ERROR ]  http://zh.wikipedia.org/zh-cn/烧肉粽的做法/temp
2014-07-13 00:50:34  [ pool-2-thread-3:133815100 ] - [ ERROR ]  http://zh.wikipedia.org/zh-cn/玛丽阿姨
2014-07-13 00:50:36  [ pool-2-thread-3:133816397 ] - [ ERROR ]  http://zh.wikipedia.org/zh-cn/第一人稱射擊遊戲列表
2014-07-13 00:50:38  [ pool-2-thread-3:133818940 ] - [ ERROR ]  http://zh.wikipedia.org/zh-cn/微课
2014-07-13 00:50:40  [ pool-2-thread-1:133820558 ] - [ ERROR ]  http://zh.wikipedia.org/zh-cn/电视解说词
2014-07-13 00:50:40  [ pool-2-thread-5:133820975 ] - [ ERROR ]  http://zh.wikipedia.org/zh-cn/艳阳天
2014-07-13 00:50:42  [ pool-2-thread-2:133823328 ] - [ ERROR ]  http://zh.wikipedia.org/zh-cn/高斯求和
2014-07-13 00:50:44  [ pool-2-thread-5:133824636 ] - [ ERROR ]  http://zh.wikipedia.org/zh-cn/外国文学
2014-07-13 00:50:47  [ pool-2-thread-2:133828254 ] - [ ERROR ]  http://zh.wikipedia.org/zh-cn/苏州织造
2014-07-13 00:50:48  [ pool-2-thread-4:133828837 ] - [ ERROR ]  http://zh.wikipedia.org/zh-cn/当值弘毅
2014-07-13 00:50:50  [ pool-2-thread-4:133830533 ] - [ ERROR ]  http://zh.wikipedia.org/zh-cn/个人成长规划
2014-07-13 00:50:57  [ pool-2-thread-4:133837815 ] - [ ERROR ]  http://zh.wikipedia.org/zh-cn/OB嚴選
2014-07-13 00:50:58  [ pool-2-thread-4:133839128 ] - [ ERROR ]  http://zh.wikipedia.org/zh-cn/蝶彩/temp
2014-07-13 00:50:59  [ pool-2-thread-2:133840191 ] - [ ERROR ]  http://zh.wikipedia.org/zh-cn/河南省新乡市封丘一中
2014-07-13 00:51:03  [ pool-2-thread-4:133843882 ] - [ ERROR ]  http://zh.wikipedia.org/zh-cn/萨班节
2014-07-13 00:51:04  [ pool-2-thread-3:133845120 ] - [ ERROR ]  http://zh.wikipedia.org/zh-cn/毛慈姑
2014-07-13 00:51:06  [ pool-2-thread-1:133846633 ] - [ ERROR ]  http://zh.wikipedia.org/zh-cn/金山慈護宮
2014-07-13 00:51:07  [ pool-2-thread-1:133847857 ] - [ ERROR ]  http://zh.wikipedia.org/zh-cn/图利奥·列维-齐维塔/temp
2014-07-13 00:51:07  [ pool-2-thread-2:133848068 ] - [ ERROR ]  http://zh.wikipedia.org/zh-cn/哥斯塔·米塔-列夫勒/temp
2014-07-13 00:51:08  [ pool-2-thread-1:133848985 ] - [ ERROR ]  http://zh.wikipedia.org/zh-cn/吳絳仙
2014-07-13 00:51:14  [ pool-2-thread-4:133855029 ] - [ ERROR ]  http://zh.wikipedia.org/zh-cn/广告策划
2014-07-13 00:51:17  [ pool-2-thread-2:133858240 ] - [ ERROR ]  http://zh.wikipedia.org/zh-cn/工業技術研究院院士
2014-07-13 00:51:20  [ pool-2-thread-3:133860372 ] - [ ERROR ]  http://zh.wikipedia.org/zh-cn/编与导：电视编导学原理
2014-07-13 00:51:26  [ pool-2-thread-3:133867014 ] - [ ERROR ]  http://zh.wikipedia.org/zh-cn/佩勒坦
2014-07-13 00:51:27  [ pool-2-thread-1:133867878 ] - [ ERROR ]  http://zh.wikipedia.org/zh-cn/心理控制
2014-07-13 00:51:29  [ pool-2-thread-4:133869393 ] - [ ERROR ]  http://zh.wikipedia.org/zh-cn/联合国经济发展委员会
2014-07-13 00:51:30  [ pool-2-thread-4:133870636 ] - [ ERROR ]  http://zh.wikipedia.org/zh-cn/韓璒
2014-07-13 00:51:30  [ pool-2-thread-3:133871147 ] - [ ERROR ]  http://zh.wikipedia.org/zh-cn/来安中学
2014-07-13 00:51:31  [ pool-2-thread-2:133871689 ] - [ ERROR ]  http://zh.wikipedia.org/zh-cn/安琪拉
2014-07-13 00:51:32  [ pool-2-thread-4:133872504 ] - [ ERROR ]  http://zh.wikipedia.org/zh-cn/泰国试管婴儿 关于试管婴儿遗传病问题
2014-07-13 00:51:32  [ pool-2-thread-5:133872900 ] - [ ERROR ]  http://zh.wikipedia.org/zh-cn/中国新闻传播史
2014-07-13 00:51:35  [ pool-2-thread-5:133876134 ] - [ ERROR ]  http://zh.wikipedia.org/zh-cn/李棣棠
2014-07-13 00:51:36  [ pool-2-thread-3:133877337 ] - [ ERROR ]  http://zh.wikipedia.org/zh-cn/浪漫風暴
2014-07-13 00:51:37  [ pool-2-thread-5:133877728 ] - [ ERROR ]  http://zh.wikipedia.org/zh-cn/孫亦沐
2014-07-13 00:51:38  [ pool-2-thread-5:133878775 ] - [ ERROR ]  http://zh.wikipedia.org/zh-cn/絕對的孤獨者≪Isolator≫
2014-07-13 00:51:38  [ pool-2-thread-1:133879304 ] - [ ERROR ]  http://zh.wikipedia.org/zh-cn/周玥
2014-07-13 00:51:39  [ pool-2-thread-5:133880244 ] - [ ERROR ]  http://zh.wikipedia.org/zh-cn/中国好学姐
2014-07-13 00:51:40  [ pool-2-thread-1:133880581 ] - [ ERROR ]  http://zh.wikipedia.org/zh-cn/李氏长足甲
2014-07-13 00:51:42  [ pool-2-thread-1:133883046 ] - [ ERROR ]  http://zh.wikipedia.org/zh-cn/全球纪念六四25周年网络大会
2014-07-13 00:51:43  [ pool-2-thread-3:133883734 ] - [ ERROR ]  http://zh.wikipedia.org/zh-cn/廖漢騰
2014-07-13 00:51:43  [ pool-2-thread-1:133884236 ] - [ ERROR ]  http://zh.wikipedia.org/zh-cn/中国人民志愿军战歌
2014-07-13 00:51:44  [ pool-2-thread-5:133884430 ] - [ ERROR ]  http://zh.wikipedia.org/zh-cn/井真成
2014-07-13 00:51:45  [ pool-2-thread-1:133885373 ] - [ ERROR ]  http://zh.wikipedia.org/zh-cn/DRAMAtical Murder/temp
2014-07-13 00:51:45  [ pool-2-thread-2:133886022 ] - [ ERROR ]  http://zh.wikipedia.org/zh-cn/内蒙古师范大学附属中学
2014-07-13 00:51:46  [ pool-2-thread-3:133886503 ] - [ ERROR ]  http://zh.wikipedia.org/zh-cn/功夫2
2014-07-13 00:51:47  [ pool-2-thread-5:133887514 ] - [ ERROR ]  http://zh.wikipedia.org/zh-cn/表面效應
2014-07-13 00:51:51  [ pool-2-thread-5:133892267 ] - [ ERROR ]  http://zh.wikipedia.org/zh-cn/深圳卫视来吧孩子
2014-07-13 00:51:51  [ pool-2-thread-3:133892281 ] - [ ERROR ]  http://zh.wikipedia.org/zh-cn/斤兩十足
2014-07-13 00:51:53  [ pool-2-thread-5:133893837 ] - [ ERROR ]  http://zh.wikipedia.org/zh-cn/爱发芽
2014-07-13 00:52:06  [ pool-2-thread-5:133906971 ] - [ ERROR ]  http://zh.wikipedia.org/zh-cn/夺刀少年柳艳兵事件
2014-07-13 00:52:09  [ pool-2-thread-5:133909776 ] - [ ERROR ]  http://zh.wikipedia.org/zh-cn/啼樂
2014-07-13 00:52:18  [ pool-2-thread-1:133918837 ] - [ ERROR ]  http://zh.wikipedia.org/zh-cn/反突厥主义
2014-07-13 00:52:18  [ pool-2-thread-3:133918953 ] - [ ERROR ]  http://zh.wikipedia.org/zh-cn/高海源
2014-07-13 00:52:19  [ pool-2-thread-1:133920157 ] - [ ERROR ]  http://zh.wikipedia.org/zh-cn/打刀
2014-07-13 00:52:22  [ pool-2-thread-4:133922341 ] - [ ERROR ]  http://zh.wikipedia.org/zh-cn/顺直/temp
2014-07-13 00:52:25  [ pool-2-thread-3:133926217 ] - [ ERROR ]  http://zh.wikipedia.org/zh-cn/我们结婚了世界版
2014-07-13 00:52:27  [ pool-2-thread-3:133927553 ] - [ ERROR ]  http://zh.wikipedia.org/zh-cn/面线糊
2014-07-13 00:52:29  [ pool-2-thread-5:133929916 ] - [ ERROR ]  http://zh.wikipedia.org/zh-cn/Marcus smart
2014-07-13 00:52:32  [ pool-2-thread-4:133932864 ] - [ ERROR ]  http://zh.wikipedia.org/zh-cn/一身是胆
2014-07-13 00:52:38  [ pool-2-thread-4:133938553 ] - [ ERROR ]  http://zh.wikipedia.org/zh-cn/道德中宫
2014-07-13 00:52:41  [ pool-2-thread-2:133941642 ] - [ ERROR ]  http://zh.wikipedia.org/zh-cn/幻想乡玩家
2014-07-13 00:52:43  [ pool-2-thread-1:133943644 ] - [ ERROR ]  http://zh.wikipedia.org/zh-cn/中国科学信息科学
2014-07-13 00:52:57  [ pool-2-thread-1:133958161 ] - [ ERROR ]  http://zh.wikipedia.org/zh-cn/電傳勞動
2014-07-13 00:53:04  [ pool-2-thread-2:133964950 ] - [ ERROR ]  http://zh.wikipedia.org/zh-cn/死踢
2014-07-13 00:53:04  [ pool-2-thread-5:133965069 ] - [ ERROR ]  http://zh.wikipedia.org/zh-cn/皇封参
2014-07-13 00:53:04  [ pool-2-thread-4:133965173 ] - [ ERROR ]  http://zh.wikipedia.org/zh-cn/IPhone 6
2014-07-13 00:53:06  [ pool-2-thread-3:133967265 ] - [ ERROR ]  http://zh.wikipedia.org/zh-cn/微课/temp
2014-07-13 00:53:07  [ pool-2-thread-4:133967898 ] - [ ERROR ]  http://zh.wikipedia.org/zh-cn/博虎（fkzxf）关于梦的推理
2014-07-13 00:53:08  [ pool-2-thread-2:133968919 ] - [ ERROR ]  http://zh.wikipedia.org/zh-cn/重庆市徐悲鸿中学
2014-07-13 00:53:08  [ pool-2-thread-4:133969099 ] - [ ERROR ]  http://zh.wikipedia.org/zh-cn/弃乡迷城
2014-07-13 00:53:09  [ pool-2-thread-3:133969696 ] - [ ERROR ]  http://zh.wikipedia.org/zh-cn/习题集
2014-07-13 00:53:11  [ pool-2-thread-4:133971580 ] - [ ERROR ]  http://zh.wikipedia.org/zh-cn/不罗盖
2014-07-13 00:53:13  [ pool-2-thread-1:133973594 ] - [ ERROR ]  http://zh.wikipedia.org/zh-cn/断舍离
2014-07-13 00:53:13  [ pool-2-thread-3:133973914 ] - [ ERROR ]  http://zh.wikipedia.org/zh-cn/Checss
2014-07-13 00:53:13  [ pool-2-thread-2:133974000 ] - [ ERROR ]  http://zh.wikipedia.org/zh-cn/Driverless
2014-07-13 00:53:15  [ pool-2-thread-1:133976080 ] - [ ERROR ]  http://zh.wikipedia.org/zh-cn/重庆平山机械厂/temp
2014-07-13 00:53:17  [ pool-2-thread-2:133978249 ] - [ ERROR ]  http://zh.wikipedia.org/zh-cn/黄花败酱
2014-07-13 00:53:18  [ pool-2-thread-1:133978689 ] - [ ERROR ]  http://zh.wikipedia.org/zh-cn/弹簧隔震器
2014-07-13 00:53:18  [ pool-2-thread-5:133978721 ] - [ ERROR ]  http://zh.wikipedia.org/zh-cn/压缩弹簧
2014-07-13 00:53:18  [ pool-2-thread-3:133979041 ] - [ ERROR ]  http://zh.wikipedia.org/zh-cn/扭转弹簧
2014-07-13 00:53:19  [ pool-2-thread-4:133979522 ] - [ ERROR ]  http://zh.wikipedia.org/zh-cn/拉伸弹簧
2014-07-13 00:53:19  [ pool-2-thread-2:133979725 ] - [ ERROR ]  http://zh.wikipedia.org/zh-cn/碟形垫圈
2014-07-13 00:53:19  [ pool-2-thread-1:133979909 ] - [ ERROR ]  http://zh.wikipedia.org/zh-cn/碟形弹簧
2014-07-13 00:53:20  [ pool-2-thread-5:133980426 ] - [ ERROR ]  http://zh.wikipedia.org/zh-cn/膜片弹簧
2014-07-13 00:53:20  [ pool-2-thread-2:133981164 ] - [ ERROR ]  http://zh.wikipedia.org/zh-cn/匆匆那年
2014-07-13 00:53:22  [ pool-2-thread-1:133982456 ] - [ ERROR ]  http://zh.wikipedia.org/zh-cn/电影《我的男男男朋友》
2014-07-13 00:53:23  [ pool-2-thread-5:133983368 ] - [ ERROR ]  http://zh.wikipedia.org/zh-cn/电视剧《清潭洞爱丽丝》
2014-07-13 00:53:34  [ pool-2-thread-5:133994348 ] - [ ERROR ]  http://zh.wikipedia.org/zh-cn/快速計算
2014-07-13 00:53:35  [ pool-2-thread-3:133995404 ] - [ ERROR ]  http://zh.wikipedia.org/zh-cn/克莱斯勒 TV－8 核动力坦克
2014-07-13 00:53:39  [ pool-2-thread-4:133999857 ] - [ ERROR ]  http://zh.wikipedia.org/zh-cn/阿卜杜拉·萨尼
2014-07-13 00:53:40  [ pool-2-thread-1:134000898 ] - [ ERROR ]  http://zh.wikipedia.org/zh-cn/手机磨砂贴膜
2014-07-13 00:53:41  [ pool-2-thread-3:134001512 ] - [ ERROR ]  http://zh.wikipedia.org/zh-cn/梅花三姐妹
2014-07-13 00:53:44  [ pool-2-thread-5:134004959 ] - [ ERROR ]  http://zh.wikipedia.org/zh-cn/2014年6月12日臺灣島民批評福建籍國台辦發言人言論之事件
2014-07-13 00:53:47  [ pool-2-thread-1:134008325 ] - [ ERROR ]  http://zh.wikipedia.org/zh-cn/合肥市第十一中学
2014-07-13 00:53:48  [ pool-2-thread-3:134008921 ] - [ ERROR ]  http://zh.wikipedia.org/zh-cn/吴侃/temp
2014-07-13 00:53:48  [ pool-2-thread-2:134009018 ] - [ ERROR ]  http://zh.wikipedia.org/zh-cn/新罕布什尔号（SSN-778）
2014-07-13 00:53:49  [ pool-2-thread-5:134009682 ] - [ ERROR ]  http://zh.wikipedia.org/zh-cn/孙笑涛
2014-07-13 00:53:49  [ pool-2-thread-1:134009814 ] - [ ERROR ]  http://zh.wikipedia.org/zh-cn/鴻飛
2014-07-13 00:53:50  [ pool-2-thread-3:134011270 ] - [ ERROR ]  http://zh.wikipedia.org/zh-cn/枝江南站
2014-07-13 00:53:51  [ pool-2-thread-4:134011516 ] - [ ERROR ]  http://zh.wikipedia.org/zh-cn/聖歐爾發堂/temp
2014-07-13 00:53:53  [ pool-2-thread-3:134013533 ] - [ ERROR ]  http://zh.wikipedia.org/zh-cn/封神英雄榜II
2014-07-13 00:53:56  [ pool-2-thread-3:134017217 ] - [ ERROR ]  http://zh.wikipedia.org/zh-cn/茂凯
2014-07-13 00:53:57  [ pool-2-thread-4:134018117 ] - [ ERROR ]  http://zh.wikipedia.org/zh-cn/现代公关礼仪
2014-07-13 00:54:09  [ pool-2-thread-3:134030117 ] - [ ERROR ]  http://zh.wikipedia.org/zh-cn/钻铣床
2014-07-13 00:54:10  [ pool-2-thread-3:134031193 ] - [ ERROR ]  http://zh.wikipedia.org/zh-cn/Ares airsoft
2014-07-13 00:54:11  [ pool-2-thread-1:134031834 ] - [ ERROR ]  http://zh.wikipedia.org/zh-cn/E值
2014-07-13 00:54:14  [ pool-2-thread-2:134034510 ] - [ ERROR ]  http://zh.wikipedia.org/zh-cn/东菀扫黄
2014-07-13 00:54:16  [ pool-2-thread-5:134036556 ] - [ ERROR ]  http://zh.wikipedia.org/zh-cn/行者 (骑行软件)
2014-07-13 00:54:16  [ pool-2-thread-2:134037305 ] - [ ERROR ]  http://zh.wikipedia.org/zh-cn/尹锋
2014-07-13 00:54:17  [ pool-2-thread-5:134037828 ] - [ ERROR ]  http://zh.wikipedia.org/zh-cn/郭咏
2014-07-13 00:54:18  [ pool-2-thread-3:134038628 ] - [ ERROR ]  http://zh.wikipedia.org/zh-cn/隆达高原
2014-07-13 00:54:18  [ pool-2-thread-4:134039014 ] - [ ERROR ]  http://zh.wikipedia.org/zh-cn/途途旅游APP
2014-07-13 00:54:19  [ pool-2-thread-2:134039965 ] - [ ERROR ]  http://zh.wikipedia.org/zh-cn/博定宝怎么样
2014-07-13 00:54:19  [ pool-2-thread-3:134040168 ] - [ ERROR ]  http://zh.wikipedia.org/zh-cn/苏岑
2014-07-13 00:54:20  [ pool-2-thread-4:134040367 ] - [ ERROR ]  http://zh.wikipedia.org/zh-cn/富勒神學院
2014-07-13 00:54:20  [ pool-2-thread-2:134041242 ] - [ ERROR ]  http://zh.wikipedia.org/zh-cn/游戏橙子
2014-07-13 01:58:08  [ pool-2-thread-1:137868916 ] - [ ERROR ]  http://zh.wikipedia.org/zh-cn/%E5%BC%97%E6%9C%97%E7%B4%A2%E7%93%A6%E4%BA%8C%E4%B8%96_(%E6%B3%95%E5%85%B0%E8%A5%BF)
2014-07-13 02:08:20  [ pool-2-thread-5:138480855 ] - [ ERROR ]  http://zh.wikipedia.org/zh-cn/%E5%BC%97%E6%9C%97%E7%B4%A2%E7%93%A6%E4%B8%80%E4%B8%96_(%E6%B3%95%E5%85%B0%E8%A5%BF)
2014-07-13 05:31:18  [ pool-2-thread-5:150659012 ] - [ ERROR ]  http://zh.wikipedia.org/zh-cn/%E9%85%92%E4%BA%95%E7%BF%94%E5%A4%AA%E9%83%8E
2014-07-13 05:32:04  [ pool-2-thread-4:150704689 ] - [ ERROR ]  http://zh.wikipedia.org/zh-cn/%E6%A2%85%E5%B2%A1%E5%8D%97%E6%96%97
2014-07-13 06:02:37  [ pool-2-thread-5:152538286 ] - [ ERROR ]  http://zh.wikipedia.org/zh-cn/%E7%9B%B4%E5%86%85%E6%88%88
2014-07-13 10:07:05  [ pool-2-thread-2:167205607 ] - [ ERROR ]  http://zh.wikipedia.org/zh-cn/%E6%B8%AF%E5%A4%A7%E5%90%8C%E5%AD%B8%E6%9C%83%E5%B0%8F%E5%AD%B8
2014-07-13 11:48:13  [ pool-2-thread-5:173274231 ] - [ ERROR ]  http://zh.wikipedia.org/zh-cn/%E9%92%82
2014-07-13 18:39:09  [ pool-2-thread-2:197930110 ] - [ ERROR ]  http://zh.wikipedia.org/zh-cn/%E9%A6%AC%E9%9E%8D%E5%B1%B1%E7%BE%A9%E5%B7%A5%E7%B6%B2%E7%B5%A1
2014-07-13 21:38:20  [ pool-2-thread-2:208680917 ] - [ ERROR ]  http://zh.wikipedia.org/zh-cn/%E4%B9%89%E4%B9%8C%E7%AF%81%E5%9B%AD%E6%9C%8D%E8%A3%85%E5%B8%82%E5%9C%BA
2014-07-13 22:59:19  [ pool-2-thread-4:213539585 ] - [ ERROR ]  http://zh.wikipedia.org/zh-cn/%E5%85%A8%E5%AA%92%E4%BD%93
2014-07-13 23:59:31  [ pool-2-thread-5:217151361 ] - [ ERROR ]  http://zh.wikipedia.org/zh-cn/%E5%B0%8F%E6%B5%A3%E7%86%8A%E5%B9%B2%E8%84%86%E9%9D%A2
2014-07-14 12:21:48  [ pool-2-thread-4:261689174 ] - [ ERROR ]  http://zh.wikipedia.org/zh-cn/%E6%A0%BC%E7%BD%97%E6%96%AF-%E7%BD%97%E8%B5%96%E5%A7%86
2014-07-14 12:21:49  [ pool-2-thread-2:261690015 ] - [ ERROR ]  http://zh.wikipedia.org/zh-cn/%E5%B8%8C%E5%B0%94%E7%BB%8D%E5%B0%94%E6%81%A9
2014-07-14 12:21:51  [ pool-2-thread-4:261691608 ] - [ ERROR ]  http://zh.wikipedia.org/zh-cn/%E9%BB%98%E5%B0%94%E4%BC%A6%E5%B7%B4%E8%B5%AB
2014-07-14 12:21:53  [ pool-2-thread-3:261693516 ] - [ ERROR ]  http://zh.wikipedia.org/zh-cn/%E8%8C%A8%E6%B8%A9%E6%A0%B9%E8%B4%9D%E5%B0%94%E6%A0%BC
2014-07-14 12:21:55  [ pool-2-thread-2:261695375 ] - [ ERROR ]  http://zh.wikipedia.org/zh-cn/%E7%93%A6%E5%B0%94%E5%BE%B7-%E7%B1%B3%E6%AD%87%E5%B0%94%E5%B7%B4
2014-07-14 12:21:55  [ pool-2-thread-4:261695726 ] - [ ERROR ]  http://zh.wikipedia.org/zh-cn/%E9%98%BF%E5%B0%94%E6%96%AF%E5%B7%B4-%E9%BB%91%E6%81%A9%E8%8E%B1%E5%9B%A0
2014-07-14 12:21:57  [ pool-2-thread-4:261698246 ] - [ ERROR ]  http://zh.wikipedia.org/zh-cn/%E6%A0%BC%E7%BD%97%E6%96%AF-%E6%AF%94%E8%B4%9D%E5%8A%B3
2014-07-14 12:21:58  [ pool-2-thread-3:261699100 ] - [ ERROR ]  http://zh.wikipedia.org/zh-cn/%E6%A0%BC%E7%BD%97%E6%96%AF-%E9%BD%90%E6%A2%85%E5%B0%94%E6%81%A9
2014-07-14 12:22:06  [ pool-2-thread-4:261706997 ] - [ ERROR ]  http://zh.wikipedia.org/zh-cn/%E6%AF%94%E7%89%B9%E5%B0%94%E5%8D%9A%E5%B0%94%E6%81%A9
2014-07-14 12:22:07  [ pool-2-thread-2:261707961 ] - [ ERROR ]  http://zh.wikipedia.org/zh-cn/%E6%A0%BC%E5%B0%94%E6%81%A9%E6%96%AF%E6%B5%B7%E5%A7%86
2014-07-14 12:22:08  [ pool-2-thread-2:261709090 ] - [ ERROR ]  http://zh.wikipedia.org/zh-cn/%E6%A0%BC%E7%BD%97%E6%96%AF-%E6%A0%BC%E5%8A%B3
2014-07-14 12:22:09  [ pool-2-thread-4:261709418 ] - [ ERROR ]  http://zh.wikipedia.org/zh-cn/%E9%BB%98%E5%B0%94%E8%B4%B9%E5%B0%94%E7%99%BB-%E7%93%A6%E5%B0%94%E5%A4%9A%E5%B0%94%E5%A4%AB
2014-07-14 12:22:12  [ pool-2-thread-4:261713252 ] - [ ERROR ]  http://zh.wikipedia.org/zh-cn/%E5%BC%97%E9%87%8C%E5%BE%B7%E9%87%8C%E5%B8%8C%E6%96%AF%E5%A4%9A%E5%B0%94%E5%A4%AB
2014-07-14 12:22:14  [ pool-2-thread-4:261714924 ] - [ ERROR ]  http://zh.wikipedia.org/zh-cn/%E5%85%8B%E5%B0%BC%E6%A0%BC%E6%96%AF%E6%B3%B0%E5%9B%A0%E4%BC%8A%E5%A7%86%E9%99%B6%E5%8A%AA%E6%96%AF
2014-07-14 12:22:15  [ pool-2-thread-2:261715549 ] - [ ERROR ]  http://zh.wikipedia.org/zh-cn/%E5%A5%A5%E8%B4%9D%E9%B2%81%E5%B0%94%E5%A1%9E%E5%B0%94
2014-07-14 12:22:20  [ pool-2-thread-2:261721162 ] - [ ERROR ]  http://zh.wikipedia.org/zh-cn/%E5%B7%B4%E5%BE%B7%E7%B4%A2%E7%99%BB-%E8%90%A8%E5%B0%94%E6%98%8E%E6%96%AF%E7%89%B9%E5%B0%94
2014-07-14 12:22:24  [ pool-2-thread-4:261725222 ] - [ ERROR ]  http://zh.wikipedia.org/zh-cn/%E6%A0%BC%E7%BD%97%E6%96%AF%E5%85%8B%E7%BD%97%E5%B2%91%E5%A0%A1
2014-07-14 12:22:26  [ pool-2-thread-3:261726680 ] - [ ERROR ]  http://zh.wikipedia.org/zh-cn/%E5%85%B0%E6%A0%B9%E5%A1%9E%E5%B0%94%E5%8D%9A%E5%B0%94%E5%BE%B7
2014-07-14 12:22:39  [ pool-2-thread-3:261740328 ] - [ ERROR ]  http://zh.wikipedia.org/zh-cn/%E6%96%AF%E5%B8%8C%E7%93%A6%E5%B0%94%E5%B7%B4%E9%98%BF%E5%A7%86%E9%99%B6%E5%8A%AA%E6%96%AF
2014-07-14 12:22:42  [ pool-2-thread-3:261742811 ] - [ ERROR ]  http://zh.wikipedia.org/zh-cn/%E5%B8%83%E7%BD%97%E4%BC%8A%E8%B4%9D%E5%B0%94%E6%A0%BC
2014-07-14 12:22:46  [ pool-2-thread-2:261746513 ] - [ ERROR ]  http://zh.wikipedia.org/zh-cn/%E7%BD%97%E6%BB%95%E8%B4%9D%E5%B0%94%E6%A0%BC
2014-07-14 12:22:49  [ pool-2-thread-2:261749382 ] - [ ERROR ]  http://zh.wikipedia.org/zh-cn/%E8%AF%BA%E4%BC%8A-%E4%BC%8A%E6%A3%AE%E5%A0%A1
2014-07-14 12:22:52  [ pool-2-thread-3:261753168 ] - [ ERROR ]  http://zh.wikipedia.org/zh-cn/%E5%B7%B4%E5%BE%B7%E6%96%BD%E7%93%A6%E5%B0%94%E5%B7%B4%E8%B5%AB
2014-07-14 12:23:06  [ pool-2-thread-4:261766684 ] - [ ERROR ]  http://zh.wikipedia.org/zh-cn/%E5%B7%B4%E5%BE%B7%E7%91%99%E6%B5%B7%E5%A7%86
2014-07-14 12:23:06  [ pool-2-thread-3:261767334 ] - [ ERROR ]  http://zh.wikipedia.org/zh-cn/%E5%B7%B4%E5%BE%B7%E8%8F%B2%E5%B0%94%E8%B4%9D%E5%B0%94
2014-07-14 12:23:09  [ pool-2-thread-4:261769521 ] - [ ERROR ]  http://zh.wikipedia.org/zh-cn/%E6%A0%BC%E5%BE%B7%E5%B0%94%E6%81%A9
2014-07-14 12:23:14  [ pool-2-thread-3:261774651 ] - [ ERROR ]  http://zh.wikipedia.org/zh-cn/%E4%B8%8A%E9%BB%98%E5%B0%94%E4%BC%A6
2014-07-14 12:23:16  [ pool-2-thread-3:261776892 ] - [ ERROR ]  http://zh.wikipedia.org/zh-cn/%E7%BD%97%E8%82%AF%E8%B4%9D%E5%B0%94%E6%A0%BC
2014-07-14 12:23:17  [ pool-2-thread-3:261777994 ] - [ ERROR ]  http://zh.wikipedia.org/zh-cn/%E7%BD%97%E6%96%AF%E5%B7%B4%E7%A6%8F%E5%B0%94%E5%BE%B7%E5%B0%94%E8%B5%AB%E9%BB%91
2014-07-14 12:23:17  [ pool-2-thread-2:261778041 ] - [ ERROR ]  http://zh.wikipedia.org/zh-cn/%E5%A5%A5%E5%B0%94%E6%BB%95%E8%B4%9D%E5%B0%94%E6%A0%BC
2014-07-14 12:23:18  [ pool-2-thread-4:261779165 ] - [ ERROR ]  http://zh.wikipedia.org/zh-cn/%E9%98%BF%E4%BC%A6%E5%A4%9A%E5%B0%94%E5%A4%AB
2014-07-14 12:23:22  [ pool-2-thread-4:261782410 ] - [ ERROR ]  http://zh.wikipedia.org/zh-cn/%E8%B4%B9%E5%B0%94%E6%81%A9%E7%93%A6%E5%B0%94%E5%BE%B7
2014-07-14 12:23:27  [ pool-2-thread-2:261788172 ] - [ ERROR ]  http://zh.wikipedia.org/zh-cn/%E8%B5%96%E6%96%AF%E5%9F%BA%E5%B0%94%E5%85%B4
2014-07-14 12:23:28  [ pool-2-thread-3:261789086 ] - [ ERROR ]  http://zh.wikipedia.org/zh-cn/%E9%9F%A6%E6%BB%95%E8%B4%9D%E5%B0%94%E6%A0%BC
2014-07-14 12:23:35  [ pool-2-thread-4:261795910 ] - [ ERROR ]  http://zh.wikipedia.org/zh-cn/%E8%AE%B8%E6%BB%95%E8%B4%9D%E5%B0%94%E6%A0%BC
2014-07-14 12:23:46  [ pool-2-thread-2:261806547 ] - [ ERROR ]  http://zh.wikipedia.org/zh-cn/%E9%97%A8%E6%A0%BC%E5%B0%94%E6%96%AF%E5%9F%BA%E5%B0%94%E5%85%B4
2014-07-14 12:23:51  [ pool-2-thread-4:261811954 ] - [ ERROR ]  http://zh.wikipedia.org/zh-cn/%E5%B7%B4%E5%BE%B7%E6%81%A9%E5%BE%B7%E5%B7%B4%E8%B5%AB
2014-07-14 12:24:00  [ pool-2-thread-4:261820725 ] - [ ERROR ]  http://zh.wikipedia.org/zh-cn/%E6%96%BD%E5%A1%94%E5%A1%94%E4%BC%A6%E5%A4%9A%E5%B0%94%E5%A4%AB
2014-07-14 12:24:11  [ pool-2-thread-2:261831486 ] - [ ERROR ]  http://zh.wikipedia.org/zh-cn/%E5%9F%BA%E5%B0%94%E6%89%98%E5%B0%94%E5%A4%AB
2014-07-14 12:24:12  [ pool-2-thread-3:261832742 ] - [ ERROR ]  http://zh.wikipedia.org/zh-cn/%E7%93%A6%E5%B0%94%E6%BB%95%E8%B4%9D%E5%B0%94%E6%A0%BC
2014-07-14 12:24:13  [ pool-2-thread-3:261834235 ] - [ ERROR ]  http://zh.wikipedia.org/zh-cn/%E5%B7%B4%E5%BE%B7%E8%90%A8%E5%B0%94%E8%8C%A8%E5%B8%8C%E5%88%A9%E5%B0%94%E5%A4%AB
2014-07-14 12:24:16  [ pool-2-thread-3:261836485 ] - [ ERROR ]  http://zh.wikipedia.org/zh-cn/%E8%89%BE%E7%89%B9%E5%B0%94%E8%B4%B9%E5%B0%94%E5%BE%B7
2014-07-14 12:24:16  [ pool-2-thread-2:261836875 ] - [ ERROR ]  http://zh.wikipedia.org/zh-cn/%E6%A0%BC%E7%BD%97%E6%A3%AE%E5%90%95%E5%BE%B7%E5%B0%94
2014-07-14 12:24:23  [ pool-2-thread-3:261843412 ] - [ ERROR ]  http://zh.wikipedia.org/zh-cn/%E5%B7%B4%E5%BE%B7%E9%BB%91%E5%B0%94%E6%96%AF%E8%B4%B9%E5%B0%94%E5%BE%B7
2014-07-14 12:24:26  [ pool-2-thread-3:261846695 ] - [ ERROR ]  http://zh.wikipedia.org/zh-cn/%E5%B8%83%E8%B5%96%E6%BB%95%E5%B7%B4%E9%98%BF%E5%A7%86%E9%BB%91%E5%B0%94%E8%8C%A8%E8%B4%9D%E5%B0%94%E6%A0%BC
2014-07-14 12:24:32  [ pool-2-thread-2:261852454 ] - [ ERROR ]  http://zh.wikipedia.org/zh-cn/%E5%B0%BC%E5%BE%B7%E5%8A%B3%E6%8B%89
2014-07-14 12:24:35  [ pool-2-thread-3:261856061 ] - [ ERROR ]  http://zh.wikipedia.org/zh-cn/%E5%B7%B4%E5%BE%B7%E5%8D%A1%E5%B0%94%E6%96%AF%E5%93%88%E8%8A%AC
2014-07-14 12:24:38  [ pool-2-thread-4:261859111 ] - [ ERROR ]  http://zh.wikipedia.org/zh-cn/%E5%B7%B4%E5%BE%B7%E5%9F%83%E5%A7%86%E6%96%AF%E5%A1%94%E5%B0%94
2014-07-14 12:24:47  [ pool-2-thread-2:261868068 ] - [ ERROR ]  http://zh.wikipedia.org/zh-cn/%E8%B5%96%E5%9B%A0%E5%93%88%E5%B0%94%E8%8C%A8%E5%93%88%E6%A0%B9
2014-07-14 12:24:51  [ pool-2-thread-4:261872015 ] - [ ERROR ]  http://zh.wikipedia.org/zh-cn/%E9%BD%90%E4%BC%A6%E8%B4%9D%E5%B0%94%E6%A0%BC
2014-07-14 12:24:53  [ pool-2-thread-4:261874107 ] - [ ERROR ]  http://zh.wikipedia.org/zh-cn/%E8%B4%B9%E5%B0%94%E6%96%AF%E8%B4%9D%E5%B0%94%E6%A0%BC
2014-07-14 12:24:55  [ pool-2-thread-3:261876298 ] - [ ERROR ]  http://zh.wikipedia.org/zh-cn/%E5%BC%97%E9%87%8C%E4%BC%A6%E5%A4%9A%E5%B0%94%E5%A4%AB
2014-07-14 12:24:59  [ pool-2-thread-4:261879474 ] - [ ERROR ]  http://zh.wikipedia.org/zh-cn/%E6%A2%85%E5%B0%94%E5%AD%99%E6%A0%B9
2014-07-14 12:25:03  [ pool-2-thread-3:261883576 ] - [ ERROR ]  http://zh.wikipedia.org/zh-cn/%E5%A5%A5%E8%B4%9D%E5%8A%B3%E6%8B%89
2014-07-14 12:25:06  [ pool-2-thread-3:261886348 ] - [ ERROR ]  http://zh.wikipedia.org/zh-cn/%E6%96%AF%E5%B8%8C%E7%93%A6%E5%B0%94%E5%B2%91%E5%8D%9A%E5%B0%94%E6%81%A9
2014-07-14 12:25:08  [ pool-2-thread-2:261888462 ] - [ ERROR ]  http://zh.wikipedia.org/zh-cn/%E5%B7%B4%E5%BE%B7%E8%8C%A8%E9%9F%A6%E6%96%AF%E6%BB%95
2014-07-14 12:25:09  [ pool-2-thread-3:261889343 ] - [ ERROR ]  http://zh.wikipedia.org/zh-cn/%E5%B7%B4%E5%BE%B7%E9%98%BF%E7%BD%97%E5%B0%94%E6%A3%AE
2014-07-14 12:25:09  [ pool-2-thread-4:261889348 ] - [ ERROR ]  http://zh.wikipedia.org/zh-cn/%E5%B7%B4%E5%BE%B7%E7%BB%B4%E5%B0%94%E6%95%A6%E6%A0%B9
2014-07-14 12:25:11  [ pool-2-thread-3:261891871 ] - [ ERROR ]  http://zh.wikipedia.org/zh-cn/%E5%B8%83%E7%BD%97%E5%A7%86%E6%96%AF%E5%9F%BA%E5%B0%94%E5%85%B4
2014-07-14 12:25:13  [ pool-2-thread-4:261893720 ] - [ ERROR ]  http://zh.wikipedia.org/zh-cn/%E5%BC%97%E5%85%B0%E8%82%AF%E8%B4%9D%E5%B0%94%E6%A0%BC
2014-07-14 12:25:18  [ pool-2-thread-4:261898924 ] - [ ERROR ]  http://zh.wikipedia.org/zh-cn/%E5%B7%B4%E5%BE%B7%E7%B4%A2%E7%99%BB-%E9%98%BF%E4%BC%A6%E5%A4%9A%E5%B0%94%E5%A4%AB
2014-07-14 12:25:21  [ pool-2-thread-3:261901667 ] - [ ERROR ]  http://zh.wikipedia.org/zh-cn/%E9%BB%91%E8%A5%BF%E6%96%AF%E5%B8%8C%E5%88%A9%E5%B8%8C%E7%89%B9%E7%91%99
2014-07-14 12:25:25  [ pool-2-thread-4:261905886 ] - [ ERROR ]  http://zh.wikipedia.org/zh-cn/%E8%AF%BA%E4%BC%8A-%E8%89%BE%E5%85%B4%E8%B4%9D%E5%B0%94%E6%A0%BC
2014-07-14 12:54:19  [ pool-2-thread-5:263640297 ] - [ ERROR ]  http://zh.wikipedia.org/zh-cn/%E5%B8%83%E9%9B%B7%E5%85%8B%E5%8D%A2%E5%A7%86
2014-07-14 12:54:19  [ pool-2-thread-5:263640315 ] - [ WARN ]  Unexpected end of ZLIB input stream
java.io.EOFException: Unexpected end of ZLIB input stream
	at java.util.zip.InflaterInputStream.fill(Unknown Source)
	at java.util.zip.InflaterInputStream.read(Unknown Source)
	at java.util.zip.GZIPInputStream.read(Unknown Source)
	at java.io.BufferedInputStream.read1(Unknown Source)
	at java.io.BufferedInputStream.read(Unknown Source)
	at java.io.FilterInputStream.read(Unknown Source)
	at org.jsoup.helper.DataUtil.readToByteBuffer(DataUtil.java:142)
	at org.jsoup.helper.HttpConnection$Response.execute(HttpConnection.java:483)
	at org.jsoup.helper.HttpConnection$Response.execute(HttpConnection.java:424)
	at org.jsoup.helper.HttpConnection.execute(HttpConnection.java:178)
	at edu.bupt.crawler.main.WikiCrawler$Downloader.downloadHtml(WikiCrawler.java:380)
	at edu.bupt.crawler.main.WikiCrawler$Downloader.run(WikiCrawler.java:444)
	at java.util.concurrent.ThreadPoolExecutor.runWorker(Unknown Source)
	at java.util.concurrent.ThreadPoolExecutor$Worker.run(Unknown Source)
	at java.lang.Thread.run(Unknown Source)
2014-07-14 12:55:39  [ pool-2-thread-1:263720259 ] - [ ERROR ]  http://zh.wikipedia.org/zh-cn/%E8%A5%BF%E5%B0%94%E5%85%8B%E6%96%AF%E5%A4%9A%E5%B0%94%E5%A4%AB
2014-07-14 12:55:39  [ pool-2-thread-1:263720259 ] - [ WARN ]  Unexpected end of ZLIB input stream
java.io.EOFException: Unexpected end of ZLIB input stream
	at java.util.zip.InflaterInputStream.fill(Unknown Source)
	at java.util.zip.InflaterInputStream.read(Unknown Source)
	at java.util.zip.GZIPInputStream.read(Unknown Source)
	at java.io.BufferedInputStream.read1(Unknown Source)
	at java.io.BufferedInputStream.read(Unknown Source)
	at java.io.FilterInputStream.read(Unknown Source)
	at org.jsoup.helper.DataUtil.readToByteBuffer(DataUtil.java:142)
	at org.jsoup.helper.HttpConnection$Response.execute(HttpConnection.java:483)
	at org.jsoup.helper.HttpConnection$Response.execute(HttpConnection.java:424)
	at org.jsoup.helper.HttpConnection.execute(HttpConnection.java:178)
	at edu.bupt.crawler.main.WikiCrawler$Downloader.downloadHtml(WikiCrawler.java:380)
	at edu.bupt.crawler.main.WikiCrawler$Downloader.run(WikiCrawler.java:444)
	at java.util.concurrent.ThreadPoolExecutor.runWorker(Unknown Source)
	at java.util.concurrent.ThreadPoolExecutor$Worker.run(Unknown Source)
	at java.lang.Thread.run(Unknown Source)
2014-07-14 22:54:09  [ pool-2-thread-3:299630115 ] - [ ERROR ]  http://zh.wikipedia.org/zh-cn/%E8%B2%A1%E5%9C%98%E6%B3%95%E4%BA%BA%E9%9D%92%E5%B9%B4%E7%99%BC%E5%B1%95%E5%9F%BA%E9%87%91%E6%9C%83
2014-07-14 22:58:16  [ pool-2-thread-3:299876687 ] - [ ERROR ]  http://zh.wikipedia.org/zh-cn/%E9%99%B3%E9%BA%92%E5%AE%89
2014-07-14 23:07:00  [ pool-2-thread-5:300401308 ] - [ ERROR ]  http://zh.wikipedia.org/zh-cn/%E7%BF%9F%E9%95%87%E7%83%A9%E9%9D%A2
2014-07-14 23:07:25  [ pool-2-thread-4:300426338 ] - [ ERROR ]  http://zh.wikipedia.org/zh-cn/%E7%8E%8B%E6%80%9D%E8%81%AA
2014-07-14 23:08:13  [ pool-2-thread-2:300474041 ] - [ ERROR ]  http://zh.wikipedia.org/zh-cn/%E9%98%BF%E6%8B%89%E6%96%AF%E6%B3%B0%E5%B0%94%C2%B7%E6%91%A9%E6%A0%B9
2014-07-14 23:14:10  [ pool-2-thread-4:300831208 ] - [ ERROR ]  http://zh.wikipedia.org/zh-cn/%E6%A5%8A%E5%98%89%E9%8A%98
2014-07-14 23:14:50  [ pool-2-thread-5:300871209 ] - [ ERROR ]  http://zh.wikipedia.org/zh-cn/%E8%BF%B7%E9%9B%A2%E5%A2%83%E7%95%8C
2014-07-14 23:15:00  [ pool-2-thread-5:300880509 ] - [ ERROR ]  http://zh.wikipedia.org/zh-cn/%E6%9C%B1%E6%B0%B8%E5%BE%B7
2014-07-14 23:15:13  [ pool-2-thread-2:300893458 ] - [ ERROR ]  http://zh.wikipedia.org/zh-cn/%E6%B8%85%E6%A5%BC%E5%A5%B3%E5%B8%9D
2014-07-14 23:15:36  [ pool-2-thread-1:300916491 ] - [ ERROR ]  http://zh.wikipedia.org/zh-cn/%E9%87%91%E6%B5%B7%E4%BB%81
2014-07-14 23:20:48  [ pool-2-thread-4:301228997 ] - [ ERROR ]  http://zh.wikipedia.org/zh-cn/%E7%AE%B4%E8%A8%80%E5%8D%A1
2014-07-14 23:24:07  [ pool-2-thread-1:301428313 ] - [ ERROR ]  http://zh.wikipedia.org/zh-cn/%E5%B7%A7%E5%85%8B%E5%8A%9B%E8%8E%8A%E5%9C%92%E9%A4%90%E5%BB%B3
2014-07-14 23:26:33  [ pool-2-thread-1:301573611 ] - [ ERROR ]  http://zh.wikipedia.org/zh-cn/%E7%A5%9E%E9%AC%BC%E4%B8%80%E6%97%8F
2014-07-14 23:27:00  [ pool-2-thread-4:301601244 ] - [ ERROR ]  http://zh.wikipedia.org/zh-cn/%E5%AE%89%E5%A1%9E%E6%B3%A2
2014-07-14 23:27:42  [ pool-2-thread-3:301643033 ] - [ ERROR ]  http://zh.wikipedia.org/zh-cn/%E7%9C%9F%E9%81%B8%E7%B5%84
2014-07-14 23:40:42  [ pool-2-thread-2:302422486 ] - [ ERROR ]  http://zh.wikipedia.org/zh-cn/%E7%B1%B3%E4%B9%B3
2014-07-14 23:41:53  [ pool-2-thread-3:302493581 ] - [ ERROR ]  http://zh.wikipedia.org/zh-cn/1989%E5%B9%B4%E4%B8%AD%E5%9B%BD%E6%94%BF%E6%B2%BB%E9%A3%8E%E6%B3%A2
2014-07-14 23:42:38  [ pool-2-thread-2:302539312 ] - [ ERROR ]  http://zh.wikipedia.org/zh-cn/%E6%AE%B5%E5%8F%AF%E9%A2%A8
2014-07-14 23:47:46  [ pool-2-thread-2:302846795 ] - [ ERROR ]  http://zh.wikipedia.org/zh-cn/%E6%80%AA%E7%89%A9%E8%A1%80%E6%97%8F%E8%A7%92%E8%89%B2%E5%88%97%E8%A1%A8
2014-07-15 00:00:28  [ pool-2-thread-3:303608682 ] - [ ERROR ]  http://zh.wikipedia.org/zh-cn/%E5%B7%9D%E4%B9%8B%E8%B7%83
2014-07-15 00:00:32  [ pool-2-thread-5:303613273 ] - [ ERROR ]  http://zh.wikipedia.org/zh-cn/%E6%B4%AA%E6%80%9C%E6%8A%80
2014-07-15 00:00:34  [ pool-2-thread-4:303614642 ] - [ ERROR ]  http://zh.wikipedia.org/zh-cn/%E8%A8%80%E5%92%8C
2014-07-15 00:00:35  [ pool-2-thread-3:303616200 ] - [ ERROR ]  http://zh.wikipedia.org/zh-cn/%E5%A4%A7%E8%83%83%E7%8E%8B%E5%A4%96%E8%B3%A3%E7%A8%8B%E5%BC%8F
2014-07-15 00:00:43  [ pool-2-thread-1:303623616 ] - [ ERROR ]  http://zh.wikipedia.org/zh-cn/%E5%8A%9B%E5%B8%86%E9%9B%86%E5%9B%A2
2014-07-15 00:01:05  [ pool-2-thread-3:303645823 ] - [ ERROR ]  http://zh.wikipedia.org/zh-cn/%E5%B9%BF%E4%B8%9C%E7%9C%81%E7%A7%91%E5%AD%A6%E9%99%A2
2014-07-15 00:01:20  [ pool-2-thread-4:303660364 ] - [ ERROR ]  http://zh.wikipedia.org/zh-cn/%E9%A6%AC%E4%BF%8A%E9%BA%9F
2014-07-15 00:03:49  [ pool-2-thread-5:303810004 ] - [ ERROR ]  http://zh.wikipedia.org/zh-cn/%E5%88%98%E5%8D%B0%E7%94%9F
2014-07-15 00:03:50  [ pool-2-thread-4:303810493 ] - [ ERROR ]  http://zh.wikipedia.org/zh-cn/%E4%BA%8E%E5%B0%8F%E5%8D%8E
